#
# There is insufficient memory for the Java Runtime Environment to continue.
# Native memory allocation (malloc) failed to allocate 800592 bytes for Chunk::new
# Possible reasons:
#   The system is out of physical RAM or swap space
#   The process is running with CompressedOops enabled, and the Java Heap may be blocking the growth of the native heap
# Possible solutions:
#   Reduce memory load on the system
#   Increase physical memory or swap space
#   Check if swap backing store is full
#   Decrease Java heap size (-Xmx/-Xms)
#   Decrease number of Java threads
#   Decrease Java thread stack sizes (-Xss)
#   Set larger code cache with -XX:ReservedCodeCacheSize=
#   JVM is running with Unscaled Compressed Oops mode in which the Java heap is
#     placed in the first 4GB address space. The Java Heap base address is the
#     maximum limit for the native heap growth. Please use -XX:HeapBaseMinAddress
#     to set the Java Heap base and to place the Java Heap above 4GB virtual address.
# This output file may be truncated or incomplete.
#
#  Out of Memory Error (allocation.cpp:389), pid=5040, tid=0x0000000000002940
#
# JRE version: OpenJDK Runtime Environment (8.0_242-b01) (build 1.8.0_242-release-1644-b01)
# Java VM: OpenJDK 64-Bit Server VM (25.242-b01 mixed mode windows-amd64 compressed oops)
# Failed to write core dump. Minidumps are not enabled by default on client versions of Windows
#

---------------  T H R E A D  ---------------

Current thread (0x000000001a084000):  JavaThread "C2 CompilerThread2" daemon [_thread_in_native, id=10560, stack(0x000000001ab60000,0x000000001ac60000)]

Stack: [0x000000001ab60000,0x000000001ac60000]
[error occurred during error reporting (printing stack bounds), id 0xc0000005]

Native frames: (J=compiled Java code, j=interpreted, Vv=VM code, C=native code)


Current CompileTask:
C2:  97394 20573 %     4       com.android.tools.r8.ir.regalloc.a::a @ 66 (952 bytes)


---------------  P R O C E S S  ---------------

Java Threads: ( => current thread )
  0x0000000025308800 JavaThread "stdout" [_thread_in_native, id=3288, stack(0x00000000348b0000,0x00000000349b0000)]
  0x0000000025302800 JavaThread "stderr" [_thread_in_native, id=4380, stack(0x00000000347b0000,0x00000000348b0000)]
  0x0000000025307000 JavaThread "stdout" [_thread_in_native, id=15808, stack(0x00000000346b0000,0x00000000347b0000)]
  0x0000000025304800 JavaThread "stderr" [_thread_in_native, id=19452, stack(0x00000000345b0000,0x00000000346b0000)]
  0x0000000025306000 JavaThread "stdout" [_thread_in_native, id=10764, stack(0x00000000344b0000,0x00000000345b0000)]
  0x0000000025303000 JavaThread "stderr" [_thread_in_native, id=17448, stack(0x00000000343b0000,0x00000000344b0000)]
  0x0000000025304000 JavaThread "stdout" [_thread_in_native, id=12624, stack(0x00000000342b0000,0x00000000343b0000)]
  0x0000000021cb3000 JavaThread "stderr" [_thread_in_native, id=3512, stack(0x00000000341b0000,0x00000000342b0000)]
  0x0000000021cb1800 JavaThread "stdout" [_thread_in_native, id=11036, stack(0x00000000340b0000,0x00000000341b0000)]
  0x0000000021cb2800 JavaThread "stderr" [_thread_in_native, id=932, stack(0x0000000033fb0000,0x00000000340b0000)]
  0x0000000021cb1000 JavaThread "stdout" [_thread_in_native, id=3420, stack(0x0000000033eb0000,0x0000000033fb0000)]
  0x0000000021cb4000 JavaThread "stderr" [_thread_in_native, id=17328, stack(0x0000000033880000,0x0000000033980000)]
  0x0000000021cb4800 JavaThread "stdout" [_thread_in_native, id=10816, stack(0x0000000033db0000,0x0000000033eb0000)]
  0x0000000021cb0000 JavaThread "stderr" [_thread_in_native, id=13872, stack(0x0000000033cb0000,0x0000000033db0000)]
  0x0000000021ca8800 JavaThread "stdout" [_thread_in_native, id=1464, stack(0x0000000033bb0000,0x0000000033cb0000)]
  0x0000000021caf800 JavaThread "stderr" [_thread_in_native, id=11260, stack(0x0000000033ab0000,0x0000000033bb0000)]
  0x0000000021ca8000 JavaThread "pool-4-thread-1" [_thread_blocked, id=8656, stack(0x00000000339b0000,0x0000000033ab0000)]
  0x0000000021ca7000 JavaThread "MarlinRenderer Disposer" daemon [_thread_blocked, id=13892, stack(0x0000000033410000,0x0000000033510000)]
  0x0000000021cae000 JavaThread "Java2D Disposer" daemon [_thread_blocked, id=3924, stack(0x0000000033580000,0x0000000033680000)]
  0x0000000021ca6800 JavaThread "WorkerExecutor Queue Thread 8" [_thread_blocked, id=15400, stack(0x0000000033210000,0x0000000033310000)]
  0x0000000021cad000 JavaThread "WorkerExecutor Queue Thread 6" [_thread_blocked, id=10932, stack(0x0000000033010000,0x0000000033110000)]
  0x000000001d71c000 JavaThread "Cache worker for execution history cache (C:\Users\55219\AndroidStudioProjects\HelloWord\.gradle\6.5\executionHistory)" [_thread_blocked, id=18360, stack(0x0000000032810000,0x0000000032910000)]
  0x000000001d71c800 JavaThread "Execution worker for ':' Thread 7" [_thread_blocked, id=18724, stack(0x0000000032710000,0x0000000032810000)]
  0x0000000021092800 JavaThread "Execution worker for ':' Thread 6" [_thread_blocked, id=14696, stack(0x0000000032610000,0x0000000032710000)]
  0x000000002108f800 JavaThread "Execution worker for ':' Thread 5" [_thread_blocked, id=14448, stack(0x0000000032510000,0x0000000032610000)]
  0x0000000021095800 JavaThread "Execution worker for ':' Thread 4" [_thread_blocked, id=508, stack(0x0000000032410000,0x0000000032510000)]
  0x0000000021091800 JavaThread "Execution worker for ':' Thread 3" [_thread_blocked, id=17236, stack(0x0000000032310000,0x0000000032410000)]
  0x000000002108a000 JavaThread "Execution worker for ':' Thread 2" [_thread_blocked, id=1748, stack(0x0000000032210000,0x0000000032310000)]
  0x000000002108e800 JavaThread "Execution worker for ':'" [_thread_blocked, id=17356, stack(0x0000000030a50000,0x0000000030b50000)]
  0x000000002108e000 JavaThread "Cache worker for file content cache (C:\Users\55219\AndroidStudioProjects\HelloWord\.gradle\6.5\fileContent)" [_thread_blocked, id=17852, stack(0x0000000030950000,0x0000000030a50000)]
  0x000000002108b000 JavaThread "pool-3-thread-1" [_thread_blocked, id=11000, stack(0x000000002ee20000,0x000000002ef20000)]
  0x0000000021088000 JavaThread "Cache worker for Build Output Cleanup Cache (C:\Users\55219\AndroidStudioProjects\HelloWord\.gradle\buildOutputCleanup)" [_thread_blocked, id=10784, stack(0x0000000027590000,0x0000000027690000)]
  0x0000000021087000 JavaThread "Build operations Thread 8" [_thread_in_Java, id=11972, stack(0x0000000027490000,0x0000000027590000)]
  0x0000000025bf3000 JavaThread "Build operations Thread 7" [_thread_in_Java, id=17108, stack(0x0000000027390000,0x0000000027490000)]
  0x0000000025bf4000 JavaThread "Build operations Thread 6" [_thread_in_Java, id=11492, stack(0x0000000027290000,0x0000000027390000)]
  0x0000000025bf0000 JavaThread "Build operations Thread 5" [_thread_blocked, id=3524, stack(0x0000000027190000,0x0000000027290000)]
  0x0000000025bee800 JavaThread "Build operations Thread 4" [_thread_in_Java, id=15452, stack(0x0000000027090000,0x0000000027190000)]
  0x0000000025bf1000 JavaThread "Build operations Thread 3" [_thread_in_Java, id=14016, stack(0x00000000268a0000,0x00000000269a0000)]
  0x0000000025bf2800 JavaThread "Build operations Thread 2" [_thread_blocked, id=16296, stack(0x0000000026550000,0x0000000026650000)]
  0x0000000025bef800 JavaThread "Build operations" [_thread_in_Java, id=724, stack(0x0000000026210000,0x0000000026310000)]
  0x0000000025bf1800 JavaThread "Cache worker for cache directory md-rule (C:\Users\55219\.gradle\caches\6.5\md-rule)" [_thread_blocked, id=7056, stack(0x0000000024d20000,0x0000000024e20000)]
  0x0000000025be7000 JavaThread "Cache worker for cache directory md-supplier (C:\Users\55219\.gradle\caches\6.5\md-supplier)" [_thread_blocked, id=10520, stack(0x0000000024420000,0x0000000024520000)]
  0x0000000025bee000 JavaThread "Cache worker for checksums cache (C:\Users\55219\AndroidStudioProjects\HelloWord\.gradle\checksums)" [_thread_blocked, id=1620, stack(0x0000000024320000,0x0000000024420000)]
  0x0000000025bed000 JavaThread "Cache worker for file hash cache (C:\Users\55219\AndroidStudioProjects\HelloWord\.gradle\6.5\fileHashes)" [_thread_blocked, id=7532, stack(0x0000000024220000,0x0000000024320000)]
  0x0000000025be5800 JavaThread "Thread-153" [_thread_blocked, id=9008, stack(0x000000001efe0000,0x000000001f0e0000)]
  0x0000000025bec800 JavaThread "Stdin handler" [_thread_blocked, id=11940, stack(0x000000001eae0000,0x000000001ebe0000)]
  0x0000000025bea000 JavaThread "Asynchronous log dispatcher for DefaultDaemonConnection: socket connection from /127.0.0.1:57653 to /127.0.0.1:57677" [_thread_blocked, id=5320, stack(0x000000001e6e0000,0x000000001e7e0000)]
  0x0000000025beb000 JavaThread "Cancel handler" [_thread_blocked, id=18316, stack(0x000000001e5e0000,0x000000001e6e0000)]
  0x0000000025be5000 JavaThread "Handler for socket connection from /127.0.0.1:57653 to /127.0.0.1:57677" [_thread_in_native, id=12668, stack(0x0000000001410000,0x0000000001510000)]
  0x0000000025be8000 JavaThread "Memory manager" [_thread_blocked, id=14124, stack(0x0000000027de0000,0x0000000027ee0000)]
  0x00000000250d9000 JavaThread "jar transforms Thread 113" [_thread_blocked, id=7408, stack(0x000000002d010000,0x000000002d110000)]
  0x00000000250da800 JavaThread "jar transforms Thread 112" [_thread_blocked, id=15544, stack(0x000000002cf10000,0x000000002d010000)]
  0x00000000250e0000 JavaThread "jar transforms Thread 111" [_thread_blocked, id=9568, stack(0x000000002ce10000,0x000000002cf10000)]
  0x00000000250df000 JavaThread "jar transforms Thread 110" [_thread_blocked, id=16512, stack(0x000000002cd10000,0x000000002ce10000)]
  0x00000000250da000 JavaThread "jar transforms Thread 109" [_thread_blocked, id=13520, stack(0x000000002cc10000,0x000000002cd10000)]
  0x00000000250de800 JavaThread "jar transforms Thread 108" [_thread_blocked, id=19192, stack(0x000000002cb10000,0x000000002cc10000)]
  0x00000000250dd800 JavaThread "jar transforms Thread 107" [_thread_blocked, id=17524, stack(0x000000002ca10000,0x000000002cb10000)]
  0x00000000250dd000 JavaThread "jar transforms Thread 106" [_thread_blocked, id=18448, stack(0x000000002c910000,0x000000002ca10000)]
  0x00000000250dc000 JavaThread "jar transforms Thread 105" [_thread_blocked, id=8068, stack(0x000000002c810000,0x000000002c910000)]
  0x00000000250d1800 JavaThread "jar transforms Thread 104" [_thread_blocked, id=9536, stack(0x000000002c710000,0x000000002c810000)]
  0x00000000250d8800 JavaThread "jar transforms Thread 103" [_thread_blocked, id=6192, stack(0x000000002c510000,0x000000002c610000)]
  0x00000000250d7800 JavaThread "jar transforms Thread 102" [_thread_blocked, id=11656, stack(0x000000002c410000,0x000000002c510000)]
  0x00000000250d5800 JavaThread "jar transforms Thread 101" [_thread_blocked, id=13852, stack(0x000000002c310000,0x000000002c410000)]
  0x00000000250d6000 JavaThread "jar transforms Thread 100" [_thread_blocked, id=380, stack(0x000000002c210000,0x000000002c310000)]
  0x00000000250d4800 JavaThread "jar transforms Thread 99" [_thread_blocked, id=8964, stack(0x0000000027ae0000,0x0000000027be0000)]
  0x00000000250d3000 JavaThread "jar transforms Thread 98" [_thread_blocked, id=18524, stack(0x00000000279e0000,0x0000000027ae0000)]
  0x00000000250d4000 JavaThread "jar transforms Thread 97" [_thread_blocked, id=17804, stack(0x00000000278e0000,0x00000000279e0000)]
  0x00000000250d7000 JavaThread "jar transforms Thread 96" [_thread_blocked, id=6712, stack(0x0000000026f90000,0x0000000027090000)]
  0x00000000250d1000 JavaThread "jar transforms Thread 95" [_thread_blocked, id=16120, stack(0x0000000026e90000,0x0000000026f90000)]
  0x00000000250d2800 JavaThread "jar transforms Thread 94" [_thread_blocked, id=12284, stack(0x000000002c110000,0x000000002c210000)]
  0x000000002533c800 JavaThread "jar transforms Thread 93" [_thread_blocked, id=3520, stack(0x000000002c010000,0x000000002c110000)]
  0x0000000025343800 JavaThread "jar transforms Thread 92" [_thread_blocked, id=6700, stack(0x000000002bf10000,0x000000002c010000)]
  0x0000000025340800 JavaThread "jar transforms Thread 91" [_thread_blocked, id=3360, stack(0x000000002be10000,0x000000002bf10000)]
  0x000000002533c000 JavaThread "jar transforms Thread 90" [_thread_blocked, id=2508, stack(0x000000002bd10000,0x000000002be10000)]
  0x000000002533f800 JavaThread "jar transforms Thread 89" [_thread_blocked, id=10064, stack(0x000000002bc10000,0x000000002bd10000)]
  0x0000000025342800 JavaThread "jar transforms Thread 88" [_thread_blocked, id=3028, stack(0x000000002bb10000,0x000000002bc10000)]
  0x000000002533f000 JavaThread "jar transforms Thread 87" [_thread_blocked, id=18592, stack(0x000000002ba10000,0x000000002bb10000)]
  0x000000002533e000 JavaThread "jar transforms Thread 86" [_thread_blocked, id=7788, stack(0x000000002b910000,0x000000002ba10000)]
  0x0000000025342000 JavaThread "jar transforms Thread 85" [_thread_blocked, id=17220, stack(0x000000002b810000,0x000000002b910000)]
  0x0000000025341000 JavaThread "jar transforms Thread 84" [_thread_blocked, id=16772, stack(0x000000002b710000,0x000000002b810000)]
  0x0000000025339000 JavaThread "jar transforms Thread 83" [_thread_blocked, id=17856, stack(0x000000002b610000,0x000000002b710000)]
  0x0000000025339800 JavaThread "jar transforms Thread 82" [_thread_blocked, id=14512, stack(0x000000002b510000,0x000000002b610000)]
  0x000000002533d800 JavaThread "jar transforms Thread 81" [_thread_blocked, id=7804, stack(0x000000002b410000,0x000000002b510000)]
  0x0000000025336000 JavaThread "jar transforms Thread 80" [_thread_blocked, id=964, stack(0x000000002b310000,0x000000002b410000)]
  0x0000000025334000 JavaThread "jar transforms Thread 79" [_thread_blocked, id=3560, stack(0x000000002b210000,0x000000002b310000)]
  0x000000002533b000 JavaThread "jar transforms Thread 78" [_thread_blocked, id=15112, stack(0x000000002b110000,0x000000002b210000)]
  0x0000000025337800 JavaThread "jar transforms Thread 77" [_thread_blocked, id=3228, stack(0x000000002b010000,0x000000002b110000)]
  0x0000000025336800 JavaThread "jar transforms Thread 76" [_thread_blocked, id=8748, stack(0x000000002af10000,0x000000002b010000)]
  0x0000000025335000 JavaThread "jar transforms Thread 75" [_thread_blocked, id=5340, stack(0x000000002ae10000,0x000000002af10000)]
  0x000000002533a800 JavaThread "jar transforms Thread 74" [_thread_blocked, id=568, stack(0x000000002ad10000,0x000000002ae10000)]
  0x0000000025338000 JavaThread "jar transforms Thread 73" [_thread_blocked, id=2428, stack(0x000000002ac10000,0x000000002ad10000)]
  0x000000001fedd800 JavaThread "jar transforms Thread 72" [_thread_blocked, id=16596, stack(0x000000002ab10000,0x000000002ac10000)]
  0x000000001feda800 JavaThread "jar transforms Thread 71" [_thread_blocked, id=10340, stack(0x000000002aa10000,0x000000002ab10000)]
  0x000000001fed9800 JavaThread "jar transforms Thread 70" [_thread_blocked, id=1116, stack(0x000000002a910000,0x000000002aa10000)]
  0x000000001fedc800 JavaThread "jar transforms Thread 69" [_thread_blocked, id=14084, stack(0x000000002a810000,0x000000002a910000)]
  0x000000001fedb000 JavaThread "jar transforms Thread 68" [_thread_blocked, id=3868, stack(0x000000002a710000,0x000000002a810000)]
  0x000000001fedc000 JavaThread "jar transforms Thread 67" [_thread_blocked, id=19236, stack(0x000000002a610000,0x000000002a710000)]
  0x000000001fed8000 JavaThread "jar transforms Thread 66" [_thread_blocked, id=3092, stack(0x000000002a510000,0x000000002a610000)]
  0x000000001fed9000 JavaThread "jar transforms Thread 65" [_thread_blocked, id=16480, stack(0x000000002a410000,0x000000002a510000)]
  0x000000001fed6800 JavaThread "jar transforms Thread 64" [_thread_blocked, id=6500, stack(0x000000002a310000,0x000000002a410000)]
  0x000000001fed6000 JavaThread "jar transforms Thread 63" [_thread_blocked, id=14704, stack(0x000000002a210000,0x000000002a310000)]
  0x000000001fed4800 JavaThread "jar transforms Thread 62" [_thread_blocked, id=13740, stack(0x000000002a110000,0x000000002a210000)]
  0x000000001fed0800 JavaThread "jar transforms Thread 61" [_thread_blocked, id=15272, stack(0x000000002a010000,0x000000002a110000)]
  0x000000001fed7800 JavaThread "jar transforms Thread 60" [_thread_blocked, id=1444, stack(0x0000000029f10000,0x000000002a010000)]
  0x000000001fece800 JavaThread "jar transforms Thread 59" [_thread_blocked, id=8160, stack(0x0000000029e10000,0x0000000029f10000)]
  0x000000001fecf000 JavaThread "jar transforms Thread 58" [_thread_blocked, id=16660, stack(0x0000000029d10000,0x0000000029e10000)]
  0x000000001fed3800 JavaThread "jar transforms Thread 57" [_thread_blocked, id=17484, stack(0x0000000029c10000,0x0000000029d10000)]
  0x000000001fed3000 JavaThread "jar transforms Thread 56" [_thread_blocked, id=11768, stack(0x0000000029b10000,0x0000000029c10000)]
  0x000000001fed2000 JavaThread "jar transforms Thread 55" [_thread_blocked, id=2416, stack(0x0000000029a10000,0x0000000029b10000)]
  0x000000001fed0000 JavaThread "jar transforms Thread 54" [_thread_blocked, id=5448, stack(0x0000000029910000,0x0000000029a10000)]
  0x000000001fed1800 JavaThread "jar transforms Thread 53" [_thread_blocked, id=11152, stack(0x0000000029810000,0x0000000029910000)]
  0x000000001fed5000 JavaThread "jar transforms Thread 52" [_thread_blocked, id=11520, stack(0x0000000029710000,0x0000000029810000)]
  0x000000001b987000 JavaThread "jar transforms Thread 51" [_thread_blocked, id=10540, stack(0x0000000029610000,0x0000000029710000)]
  0x000000001b986000 JavaThread "jar transforms Thread 50" [_thread_blocked, id=16256, stack(0x0000000029510000,0x0000000029610000)]
  0x000000001b985800 JavaThread "jar transforms Thread 49" [_thread_blocked, id=10056, stack(0x0000000029410000,0x0000000029510000)]
  0x000000001b984800 JavaThread "jar transforms Thread 48" [_thread_blocked, id=15916, stack(0x0000000029310000,0x0000000029410000)]
  0x000000001b984000 JavaThread "jar transforms Thread 47" [_thread_blocked, id=4916, stack(0x0000000029210000,0x0000000029310000)]
  0x000000001b983000 JavaThread "jar transforms Thread 46" [_thread_blocked, id=11720, stack(0x0000000029110000,0x0000000029210000)]
  0x000000001b982800 JavaThread "jar transforms Thread 45" [_thread_blocked, id=14260, stack(0x0000000029010000,0x0000000029110000)]
  0x000000001b97b000 JavaThread "jar transforms Thread 44" [_thread_blocked, id=17996, stack(0x0000000028f10000,0x0000000029010000)]
  0x000000001b981800 JavaThread "jar transforms Thread 43" [_thread_blocked, id=8384, stack(0x0000000028e10000,0x0000000028f10000)]
  0x000000001b980000 JavaThread "jar transforms Thread 42" [_thread_blocked, id=17800, stack(0x0000000028d10000,0x0000000028e10000)]
  0x000000001b97f800 JavaThread "jar transforms Thread 41" [_thread_blocked, id=708, stack(0x0000000028c10000,0x0000000028d10000)]
  0x000000001b97a000 JavaThread "jar transforms Thread 40" [_thread_blocked, id=3468, stack(0x0000000028b10000,0x0000000028c10000)]
  0x000000001b981000 JavaThread "jar transforms Thread 39" [_thread_blocked, id=8744, stack(0x0000000028a10000,0x0000000028b10000)]
  0x000000001b979800 JavaThread "jar transforms Thread 38" [_thread_blocked, id=4148, stack(0x0000000028910000,0x0000000028a10000)]
  0x000000001b978800 JavaThread "jar transforms Thread 37" [_thread_blocked, id=16152, stack(0x0000000028810000,0x0000000028910000)]
  0x000000001b97e000 JavaThread "jar transforms Thread 36" [_thread_blocked, id=10600, stack(0x0000000028710000,0x0000000028810000)]
  0x000000001b97d000 JavaThread "jar transforms Thread 35" [_thread_blocked, id=16968, stack(0x0000000028610000,0x0000000028710000)]
  0x000000001b97c800 JavaThread "jar transforms Thread 34" [_thread_blocked, id=8820, stack(0x0000000028510000,0x0000000028610000)]
  0x000000001b97b800 JavaThread "jar transforms Thread 33" [_thread_blocked, id=15796, stack(0x0000000028410000,0x0000000028510000)]
  0x000000001b978000 JavaThread "jar transforms Thread 32" [_thread_blocked, id=15996, stack(0x0000000028310000,0x0000000028410000)]
  0x000000001b97e800 JavaThread "jar transforms Thread 31" [_thread_blocked, id=14004, stack(0x0000000028210000,0x0000000028310000)]
  0x0000000021094800 JavaThread "jar transforms Thread 30" [_thread_blocked, id=13652, stack(0x0000000028110000,0x0000000028210000)]
  0x0000000021094000 JavaThread "jar transforms Thread 29" [_thread_blocked, id=9892, stack(0x0000000028010000,0x0000000028110000)]
  0x0000000021093000 JavaThread "jar transforms Thread 28" [_thread_blocked, id=11228, stack(0x0000000027f10000,0x0000000028010000)]
  0x0000000021090000 JavaThread "jar transforms Thread 27" [_thread_blocked, id=8808, stack(0x00000000277e0000,0x00000000278e0000)]
  0x0000000021091000 JavaThread "jar transforms Thread 26" [_thread_blocked, id=16588, stack(0x00000000276e0000,0x00000000277e0000)]
  0x0000000021088800 JavaThread "Cache worker for file content cache (C:\Users\55219\.gradle\caches\6.5\fileContent)" [_thread_blocked, id=772, stack(0x0000000024c20000,0x0000000024d20000)]
  0x000000002108b800 JavaThread "Cache worker for execution history cache (C:\Users\55219\.gradle\caches\6.5\executionHistory)" [_thread_blocked, id=7884, stack(0x0000000024720000,0x0000000024820000)]
  0x000000001d71b000 JavaThread "jar transforms Thread 25" [_thread_blocked, id=10292, stack(0x0000000023f20000,0x0000000024020000)]
  0x000000001d714800 JavaThread "jar transforms Thread 24" [_thread_blocked, id=13944, stack(0x0000000023e20000,0x0000000023f20000)]
  0x000000001d71a800 JavaThread "jar transforms Thread 23" [_thread_blocked, id=11812, stack(0x0000000023d20000,0x0000000023e20000)]
  0x000000001d718000 JavaThread "jar transforms Thread 22" [_thread_blocked, id=16904, stack(0x0000000023c20000,0x0000000023d20000)]
  0x000000001d719800 JavaThread "jar transforms Thread 21" [_thread_blocked, id=12124, stack(0x0000000023b20000,0x0000000023c20000)]
  0x000000001d716800 JavaThread "jar transforms Thread 20" [_thread_blocked, id=11072, stack(0x0000000023a20000,0x0000000023b20000)]
  0x000000001d715000 JavaThread "jar transforms Thread 19" [_thread_blocked, id=9624, stack(0x0000000023920000,0x0000000023a20000)]
  0x000000001d717800 JavaThread "jar transforms Thread 18" [_thread_blocked, id=4964, stack(0x0000000023820000,0x0000000023920000)]
  0x000000001d719000 JavaThread "jar transforms Thread 17" [_thread_blocked, id=19204, stack(0x0000000023720000,0x0000000023820000)]
  0x000000001d710000 JavaThread "jar transforms Thread 16" [_thread_blocked, id=6204, stack(0x0000000023620000,0x0000000023720000)]
  0x000000001d70f000 JavaThread "jar transforms Thread 15" [_thread_blocked, id=12852, stack(0x0000000023520000,0x0000000023620000)]
  0x000000001d713800 JavaThread "jar transforms Thread 14" [_thread_blocked, id=11496, stack(0x0000000023320000,0x0000000023420000)]
  0x000000001d716000 JavaThread "jar transforms Thread 13" [_thread_blocked, id=16624, stack(0x0000000023220000,0x0000000023320000)]
  0x000000001d712000 JavaThread "jar transforms Thread 12" [_thread_blocked, id=5540, stack(0x0000000023120000,0x0000000023220000)]
  0x000000001d713000 JavaThread "jar transforms Thread 11" [_thread_blocked, id=6776, stack(0x0000000023020000,0x0000000023120000)]
  0x000000001d711800 JavaThread "jar transforms Thread 10" [_thread_blocked, id=7936, stack(0x0000000022f20000,0x0000000023020000)]
  0x000000001d70e000 JavaThread "jar transforms Thread 9" [_thread_blocked, id=6476, stack(0x0000000022e20000,0x0000000022f20000)]
  0x000000001d710800 JavaThread "jar transforms Thread 8" [_thread_blocked, id=2840, stack(0x0000000022d20000,0x0000000022e20000)]
  0x000000001d067800 JavaThread "jar transforms Thread 7" [_thread_blocked, id=17428, stack(0x0000000022c20000,0x0000000022d20000)]
  0x000000001d066800 JavaThread "jar transforms Thread 6" [_thread_blocked, id=1156, stack(0x0000000022b20000,0x0000000022c20000)]
  0x000000001d065000 JavaThread "jar transforms Thread 5" [_thread_blocked, id=7612, stack(0x0000000022a20000,0x0000000022b20000)]
  0x000000001d064800 JavaThread "jar transforms Thread 4" [_thread_blocked, id=9900, stack(0x00000000216b0000,0x00000000217b0000)]
  0x000000001d069800 JavaThread "jar transforms Thread 3" [_thread_blocked, id=11352, stack(0x00000000215b0000,0x00000000216b0000)]
  0x000000001d066000 JavaThread "jar transforms Thread 2" [_thread_blocked, id=19080, stack(0x00000000214b0000,0x00000000215b0000)]
  0x000000001d063800 JavaThread "jar transforms" [_thread_blocked, id=9264, stack(0x00000000213b0000,0x00000000214b0000)]
  0x000000001d069000 JavaThread "Cache worker for file hash cache (C:\Users\55219\.gradle\caches\6.5\fileHashes)" [_thread_blocked, id=8916, stack(0x000000001f110000,0x000000001f210000)]
  0x000000001d068000 JavaThread "File lock request listener" [_thread_in_native, id=3472, stack(0x000000001eee0000,0x000000001efe0000)]
  0x000000001b219000 JavaThread "Cache worker for journal cache (C:\Users\55219\.gradle\caches\journal-1)" [_thread_blocked, id=18596, stack(0x000000001ede0000,0x000000001eee0000)]
  0x000000001b06a000 JavaThread "Daemon worker" [_thread_blocked, id=2040, stack(0x000000001e7e0000,0x000000001e8e0000)]
  0x000000001cd6a800 JavaThread "Daemon" [_thread_blocked, id=14196, stack(0x000000001e4e0000,0x000000001e5e0000)]
  0x000000001ccf0800 JavaThread "Daemon periodic checks" [_thread_blocked, id=17860, stack(0x000000001e1e0000,0x000000001e2e0000)]
  0x000000001cbb3000 JavaThread "Incoming local TCP Connector on port 57653" [_thread_in_native, id=19096, stack(0x000000001df80000,0x000000001e080000)]
  0x000000001b04d800 JavaThread "Daemon health stats" [_thread_blocked, id=10720, stack(0x000000001c730000,0x000000001c830000)]
  0x000000001a10d000 JavaThread "Service Thread" daemon [_thread_blocked, id=10504, stack(0x000000001ad60000,0x000000001ae60000)]
  0x000000001a08a000 JavaThread "C1 CompilerThread3" daemon [_thread_blocked, id=17872, stack(0x000000001ac60000,0x000000001ad60000)]
=>0x000000001a084000 JavaThread "C2 CompilerThread2" daemon [_thread_in_native, id=10560, stack(0x000000001ab60000,0x000000001ac60000)]
  0x000000001827d000 JavaThread "C2 CompilerThread1" daemon [_thread_in_native, id=3392, stack(0x000000001aa60000,0x000000001ab60000)]
  0x000000001a075800 JavaThread "C2 CompilerThread0" daemon [_thread_in_native, id=17308, stack(0x000000001a960000,0x000000001aa60000)]
  0x000000001a074000 JavaThread "Attach Listener" daemon [_thread_blocked, id=18504, stack(0x000000001a860000,0x000000001a960000)]
  0x000000001a072800 JavaThread "Signal Dispatcher" daemon [_thread_blocked, id=9064, stack(0x000000001a760000,0x000000001a860000)]
  0x00000000031fd800 JavaThread "Finalizer" daemon [_thread_blocked, id=11484, stack(0x000000001a540000,0x000000001a640000)]
  0x000000001a060800 JavaThread "Reference Handler" daemon [_thread_blocked, id=8984, stack(0x000000001a440000,0x000000001a540000)]
  0x000000000180e800 JavaThread "main" [_thread_blocked, id=13100, stack(0x0000000003000000,0x0000000003100000)]

Other Threads:
  0x0000000018268000 VMThread [stack: 0x0000000019f40000,0x000000001a040000] [id=9176]
  0x000000001a10e000 WatcherThread [stack: 0x000000001ae60000,0x000000001af60000] [id=16224]

VM state:not at safepoint (normal execution)

VM Mutex/Monitor currently owned by a thread: None

heap address: 0x0000000080000000, size: 2048 MB, Compressed Oops mode: 32-bit
Narrow klass base: 0x0000000000000000, Narrow klass shift: 3
Compressed class space size: 1073741824 Address: 0x0000000100000000

Heap:
 PSYoungGen      total 621568K, used 303294K [0x00000000d5580000, 0x00000000ff280000, 0x0000000100000000)
  eden space 565248K, 51% used [0x00000000d5580000,0x00000000e71a7820,0x00000000f7d80000)
  from space 56320K, 21% used [0x00000000fbb80000,0x00000000fc7880b8,0x00000000ff280000)
  to   space 59904K, 0% used [0x00000000f7d80000,0x00000000f7d80000,0x00000000fb800000)
 ParOldGen       total 351744K, used 172134K [0x0000000080000000, 0x0000000095780000, 0x00000000d5580000)
  object space 351744K, 48% used [0x0000000080000000,0x000000008a819890,0x0000000095780000)
 Metaspace       used 112337K, capacity 118118K, committed 119500K, reserved 1153024K
  class space    used 14498K, capacity 15606K, committed 15872K, reserved 1048576K

Card table byte_map: [0x00000000125c0000,0x00000000129d0000] byte_map_base: 0x00000000121c0000

Marking Bits: (ParMarkBitMap*) 0x0000000052dcf030
 Begin Bits: [0x0000000013480000, 0x0000000015480000)
 End Bits:   [0x0000000015480000, 0x0000000017480000)

Polling page: 0x0000000001790000

CodeCache: size=245760Kb used=60435Kb max_used=60435Kb free=185324Kb
 bounds [0x0000000003200000, 0x0000000006de0000, 0x0000000012200000]
 total_blobs=18368 nmethods=17326 adapters=951
 compilation: enabled

Compilation events (10 events):
Event: 97.243 Thread 0x000000001a08a000 21485       2       com.android.tools.r8.s.b.q1::b (58 bytes)
Event: 97.244 Thread 0x000000001a08a000 nmethod 21485 0x00000000043ed8d0 code [0x00000000043eda60, 0x00000000043edcc8]
Event: 97.283 Thread 0x000000001a08a000 21487       3       com.android.tools.r8.s.b.q1::a (192 bytes)
Event: 97.285 Thread 0x000000001a08a000 nmethod 21487 0x000000000635ae50 code [0x000000000635b0c0, 0x000000000635c3d8]
Event: 97.285 Thread 0x000000001a08a000 21488       3       com.android.tools.r8.ir.regalloc.a::a (157 bytes)
Event: 97.287 Thread 0x000000001a08a000 nmethod 21488 0x00000000067b8290 code [0x00000000067b8500, 0x00000000067b9448]
Event: 97.305 Thread 0x000000001a08a000 21490       2       com.android.tools.r8.s.b.a::c (11 bytes)
Event: 97.305 Thread 0x000000001a08a000 nmethod 21490 0x000000000635a990 code [0x000000000635ab00, 0x000000000635acc8]
Event: 97.363 Thread 0x000000001a08a000 21492       2       com.android.tools.r8.ir.conversion.N::i (121 bytes)
Event: 97.364 Thread 0x000000001a08a000 nmethod 21492 0x00000000063f6850 code [0x00000000063f6a20, 0x00000000063f6d98]

GC Heap History (10 events):
Event: 90.924 GC heap before
{Heap before GC invocations=31 (full 4):
 PSYoungGen      total 450560K, used 406527K [0x00000000d5580000, 0x00000000f5100000, 0x0000000100000000)
  eden space 385536K, 100% used [0x00000000d5580000,0x00000000ece00000,0x00000000ece00000)
  from space 65024K, 32% used [0x00000000f1180000,0x00000000f25ffd88,0x00000000f5100000)
  to   space 67072K, 0% used [0x00000000ece00000,0x00000000ece00000,0x00000000f0f80000)
 ParOldGen       total 224256K, used 177795K [0x0000000080000000, 0x000000008db00000, 0x00000000d5580000)
  object space 224256K, 79% used [0x0000000080000000,0x000000008ada0c00,0x000000008db00000)
 Metaspace       used 112570K, capacity 119046K, committed 119244K, reserved 1153024K
  class space    used 14642K, capacity 15862K, committed 15872K, reserved 1048576K
Event: 91.006 GC heap after
Heap after GC invocations=31 (full 4):
 PSYoungGen      total 452608K, used 14555K [0x00000000d5580000, 0x00000000fa580000, 0x0000000100000000)
  eden space 385536K, 0% used [0x00000000d5580000,0x00000000d5580000,0x00000000ece00000)
  from space 67072K, 21% used [0x00000000ece00000,0x00000000edc36f88,0x00000000f0f80000)
  to   space 65536K, 0% used [0x00000000f6580000,0x00000000f6580000,0x00000000fa580000)
 ParOldGen       total 224256K, used 192959K [0x0000000080000000, 0x000000008db00000, 0x00000000d5580000)
  object space 224256K, 86% used [0x0000000080000000,0x000000008bc6fff8,0x000000008db00000)
 Metaspace       used 112570K, capacity 119046K, committed 119244K, reserved 1153024K
  class space    used 14642K, capacity 15862K, committed 15872K, reserved 1048576K
}
Event: 92.119 GC heap before
{Heap before GC invocations=32 (full 4):
 PSYoungGen      total 452608K, used 400091K [0x00000000d5580000, 0x00000000fa580000, 0x0000000100000000)
  eden space 385536K, 100% used [0x00000000d5580000,0x00000000ece00000,0x00000000ece00000)
  from space 67072K, 21% used [0x00000000ece00000,0x00000000edc36f88,0x00000000f0f80000)
  to   space 65536K, 0% used [0x00000000f6580000,0x00000000f6580000,0x00000000fa580000)
 ParOldGen       total 224256K, used 192959K [0x0000000080000000, 0x000000008db00000, 0x00000000d5580000)
  object space 224256K, 86% used [0x0000000080000000,0x000000008bc6fff8,0x000000008db00000)
 Metaspace       used 112656K, capacity 119182K, committed 119244K, reserved 1153024K
  class space    used 14645K, capacity 15862K, committed 15872K, reserved 1048576K
Event: 92.179 GC heap after
Heap after GC invocations=32 (full 4):
 PSYoungGen      total 536576K, used 7642K [0x00000000d5580000, 0x00000000fa300000, 0x0000000100000000)
  eden space 473600K, 0% used [0x00000000d5580000,0x00000000d5580000,0x00000000f2400000)
  from space 62976K, 12% used [0x00000000f6580000,0x00000000f6cf69e0,0x00000000fa300000)
  to   space 65024K, 0% used [0x00000000f2400000,0x00000000f2400000,0x00000000f6380000)
 ParOldGen       total 224256K, used 202264K [0x0000000080000000, 0x000000008db00000, 0x00000000d5580000)
  object space 224256K, 90% used [0x0000000080000000,0x000000008c586160,0x000000008db00000)
 Metaspace       used 112656K, capacity 119182K, committed 119244K, reserved 1153024K
  class space    used 14645K, capacity 15862K, committed 15872K, reserved 1048576K
}
Event: 92.180 GC heap before
{Heap before GC invocations=33 (full 5):
 PSYoungGen      total 536576K, used 7642K [0x00000000d5580000, 0x00000000fa300000, 0x0000000100000000)
  eden space 473600K, 0% used [0x00000000d5580000,0x00000000d5580000,0x00000000f2400000)
  from space 62976K, 12% used [0x00000000f6580000,0x00000000f6cf69e0,0x00000000fa300000)
  to   space 65024K, 0% used [0x00000000f2400000,0x00000000f2400000,0x00000000f6380000)
 ParOldGen       total 224256K, used 202264K [0x0000000080000000, 0x000000008db00000, 0x00000000d5580000)
  object space 224256K, 90% used [0x0000000080000000,0x000000008c586160,0x000000008db00000)
 Metaspace       used 112656K, capacity 119182K, committed 119244K, reserved 1153024K
  class space    used 14645K, capacity 15862K, committed 15872K, reserved 1048576K
Event: 94.791 GC heap after
Heap after GC invocations=33 (full 5):
 PSYoungGen      total 536576K, used 0K [0x00000000d5580000, 0x00000000fa300000, 0x0000000100000000)
  eden space 473600K, 0% used [0x00000000d5580000,0x00000000d5580000,0x00000000f2400000)
  from space 62976K, 0% used [0x00000000f6580000,0x00000000f6580000,0x00000000fa300000)
  to   space 65024K, 0% used [0x00000000f2400000,0x00000000f2400000,0x00000000f6380000)
 ParOldGen       total 351744K, used 159168K [0x0000000080000000, 0x0000000095780000, 0x00000000d5580000)
  object space 351744K, 45% used [0x0000000080000000,0x0000000089b700e0,0x0000000095780000)
 Metaspace       used 112232K, capacity 118042K, committed 119244K, reserved 1153024K
  class space    used 14498K, capacity 15606K, committed 15872K, reserved 1048576K
}
Event: 95.819 GC heap before
{Heap before GC invocations=34 (full 5):
 PSYoungGen      total 536576K, used 473600K [0x00000000d5580000, 0x00000000fa300000, 0x0000000100000000)
  eden space 473600K, 100% used [0x00000000d5580000,0x00000000f2400000,0x00000000f2400000)
  from space 62976K, 0% used [0x00000000f6580000,0x00000000f6580000,0x00000000fa300000)
  to   space 65024K, 0% used [0x00000000f2400000,0x00000000f2400000,0x00000000f6380000)
 ParOldGen       total 351744K, used 159168K [0x0000000080000000, 0x0000000095780000, 0x00000000d5580000)
  object space 351744K, 45% used [0x0000000080000000,0x0000000089b700e0,0x0000000095780000)
 Metaspace       used 112291K, capacity 118118K, committed 119500K, reserved 1153024K
  class space    used 14498K, capacity 15606K, committed 15872K, reserved 1048576K
Event: 95.866 GC heap after
Heap after GC invocations=34 (full 5):
 PSYoungGen      total 538624K, used 23855K [0x00000000d5580000, 0x00000000ff780000, 0x0000000100000000)
  eden space 473600K, 0% used [0x00000000d5580000,0x00000000d5580000,0x00000000f2400000)
  from space 65024K, 36% used [0x00000000f2400000,0x00000000f3b4bee0,0x00000000f6380000)
  to   space 61440K, 0% used [0x00000000fbb80000,0x00000000fbb80000,0x00000000ff780000)
 ParOldGen       total 351744K, used 159168K [0x0000000080000000, 0x0000000095780000, 0x00000000d5580000)
  object space 351744K, 45% used [0x0000000080000000,0x0000000089b700e0,0x0000000095780000)
 Metaspace       used 112291K, capacity 118118K, committed 119500K, reserved 1153024K
  class space    used 14498K, capacity 15606K, committed 15872K, reserved 1048576K
}
Event: 96.820 GC heap before
{Heap before GC invocations=35 (full 5):
 PSYoungGen      total 538624K, used 497455K [0x00000000d5580000, 0x00000000ff780000, 0x0000000100000000)
  eden space 473600K, 100% used [0x00000000d5580000,0x00000000f2400000,0x00000000f2400000)
  from space 65024K, 36% used [0x00000000f2400000,0x00000000f3b4bee0,0x00000000f6380000)
  to   space 61440K, 0% used [0x00000000fbb80000,0x00000000fbb80000,0x00000000ff780000)
 ParOldGen       total 351744K, used 159622K [0x0000000080000000, 0x0000000095780000, 0x00000000d5580000)
  object space 351744K, 45% used [0x0000000080000000,0x0000000089be1950,0x0000000095780000)
 Metaspace       used 112331K, capacity 118118K, committed 119500K, reserved 1153024K
  class space    used 14498K, capacity 15606K, committed 15872K, reserved 1048576K
Event: 96.860 GC heap after
Heap after GC invocations=35 (full 5):
 PSYoungGen      total 621568K, used 12320K [0x00000000d5580000, 0x00000000ff280000, 0x0000000100000000)
  eden space 565248K, 0% used [0x00000000d5580000,0x00000000d5580000,0x00000000f7d80000)
  from space 56320K, 21% used [0x00000000fbb80000,0x00000000fc7880b8,0x00000000ff280000)
  to   space 59904K, 0% used [0x00000000f7d80000,0x00000000f7d80000,0x00000000fb800000)
 ParOldGen       total 351744K, used 172134K [0x0000000080000000, 0x0000000095780000, 0x00000000d5580000)
  object space 351744K, 48% used [0x0000000080000000,0x000000008a819890,0x0000000095780000)
 Metaspace       used 112331K, capacity 118118K, committed 119500K, reserved 1153024K
  class space    used 14498K, capacity 15606K, committed 15872K, reserved 1048576K
}

Deoptimization events (10 events):
Event: 89.286 Thread 0x0000000025bf2800 Uncommon trap: reason=unstable_if action=reinterpret pc=0x0000000003652ca0 method=com.android.tools.r8.graph.i0.b(Lcom/android/tools/r8/graph/i0;)I @ 60
Event: 89.294 Thread 0x0000000025bf2800 Uncommon trap: reason=null_check action=make_not_entrant pc=0x00000000060e2d8c method=com.android.tools.r8.graph.i0.computeEquals(Ljava/lang/Object;)Z @ 1
Event: 90.182 Thread 0x0000000025bf2800 Uncommon trap: reason=unstable_if action=reinterpret pc=0x00000000062f8b78 method=java.util.concurrent.ConcurrentHashMap.computeIfAbsent(Ljava/lang/Object;Ljava/util/function/Function;)Ljava/lang/Object; @ 456
Event: 90.614 Thread 0x0000000021087000 Uncommon trap: reason=class_check action=maybe_recompile pc=0x0000000005efc3d8 method=com.android.tools.r8.s.a.h.e.b(Lcom/android/tools/r8/s/b/k0;)V @ 244
Event: 91.044 Thread 0x0000000025bf1000 Uncommon trap: reason=unstable_if action=reinterpret pc=0x0000000006c21700 method=com.android.tools.r8.ir.regalloc.a.a(Lcom/android/tools/r8/ir/regalloc/a$a;Z)Lcom/android/tools/r8/ir/regalloc/a$a; @ 3460
Event: 91.048 Thread 0x0000000025bf3000 Uncommon trap: reason=class_check action=maybe_recompile pc=0x0000000003370b94 method=com.android.tools.r8.t.a.a.a.f.e.putAll(Ljava/util/Map;)V @ 3
Event: 91.733 Thread 0x0000000021087000 Uncommon trap: reason=class_check action=maybe_recompile pc=0x0000000005efc3d8 method=com.android.tools.r8.s.a.h.e.b(Lcom/android/tools/r8/s/b/k0;)V @ 244
Event: 95.907 Thread 0x0000000021087000 Uncommon trap: reason=unstable_if action=reinterpret pc=0x0000000006bb9a90 method=com.android.tools.r8.s.b.q1.a(Lcom/android/tools/r8/graph/f;Lcom/android/tools/r8/s/b/X;Ljava/util/function/Predicate;Ljava/util/Set;)Z @ 184
Event: 96.868 Thread 0x0000000025bf4000 Uncommon trap: reason=unstable_if action=reinterpret pc=0x0000000003683154 method=java.util.WeakHashMap.expungeStaleEntries()V @ 66
Event: 97.021 Thread 0x0000000025bee800 Uncommon trap: reason=class_check action=maybe_recompile pc=0x0000000006d7b4f8 method=com.android.tools.r8.s.b.q1.Z()I @ 19

Classes redefined (0 events):
No events

Internal exceptions (10 events):
Event: 95.331 Thread 0x0000000025bf0000 Exception <a 'sun/nio/fs/WindowsException'> (0x00000000e4363b98) thrown at [C:\src\AOSP-openjdk-git\hotspot\src\share\vm\prims\jni.cpp, line 710]
Event: 95.348 Thread 0x0000000025bf4000 Exception <a 'sun/nio/fs/WindowsException'> (0x00000000e3697a08) thrown at [C:\src\AOSP-openjdk-git\hotspot\src\share\vm\prims\jni.cpp, line 710]
Event: 95.440 Thread 0x0000000025bf4000 Exception <a 'sun/nio/fs/WindowsException'> (0x00000000e779efb0) thrown at [C:\src\AOSP-openjdk-git\hotspot\src\share\vm\prims\jni.cpp, line 710]
Event: 95.568 Thread 0x0000000025bf1000 Exception <a 'sun/nio/fs/WindowsException'> (0x00000000e9da0050) thrown at [C:\src\AOSP-openjdk-git\hotspot\src\share\vm\prims\jni.cpp, line 710]
Event: 95.648 Thread 0x0000000025bf4000 Exception <a 'sun/nio/fs/WindowsException'> (0x00000000eccc9440) thrown at [C:\src\AOSP-openjdk-git\hotspot\src\share\vm\prims\jni.cpp, line 710]
Event: 95.730 Thread 0x0000000025bf4000 Exception <a 'sun/nio/fs/WindowsException'> (0x00000000f0156830) thrown at [C:\src\AOSP-openjdk-git\hotspot\src\share\vm\prims\jni.cpp, line 710]
Event: 95.789 Thread 0x0000000025bf1000 Exception <a 'sun/nio/fs/WindowsException'> (0x00000000f15dfda8) thrown at [C:\src\AOSP-openjdk-git\hotspot\src\share\vm\prims\jni.cpp, line 710]
Event: 96.267 Thread 0x0000000025bf2800 Exception <a 'sun/nio/fs/WindowsException'> (0x00000000e3abf068) thrown at [C:\src\AOSP-openjdk-git\hotspot\src\share\vm\prims\jni.cpp, line 710]
Event: 96.337 Thread 0x0000000025bf4000 Exception <a 'sun/nio/fs/WindowsException'> (0x00000000e7032218) thrown at [C:\src\AOSP-openjdk-git\hotspot\src\share\vm\prims\jni.cpp, line 710]
Event: 96.927 Thread 0x0000000025bf4000 Exception <a 'sun/nio/fs/WindowsException'> (0x00000000d79fe6b0) thrown at [C:\src\AOSP-openjdk-git\hotspot\src\share\vm\prims\jni.cpp, line 710]

Events (10 events):
Event: 97.200 Thread 0x0000000025bf1000 DEOPT PACKING pc=0x000000000672447d sp=0x0000000026999fe0
Event: 97.200 Thread 0x0000000025bf1000 DEOPT UNPACKING pc=0x00000000032475d0 sp=0x000000002699a138 mode 0
Event: 97.217 Thread 0x0000000021087000 DEOPT PACKING pc=0x00000000067b06e0 sp=0x000000002758a090
Event: 97.217 Thread 0x0000000021087000 DEOPT UNPACKING pc=0x00000000032475d0 sp=0x000000002758a048 mode 0
Event: 97.257 Thread 0x0000000021087000 DEOPT PACKING pc=0x000000000672447d sp=0x000000002758a0e0
Event: 97.257 Thread 0x0000000021087000 DEOPT UNPACKING pc=0x00000000032475d0 sp=0x000000002758a238 mode 0
Event: 97.284 Thread 0x0000000025bf4000 DEOPT PACKING pc=0x0000000006aa0973 sp=0x0000000027389b10
Event: 97.284 Thread 0x0000000025bf4000 DEOPT UNPACKING pc=0x00000000032475d0 sp=0x0000000027389868 mode 0
Event: 97.287 Thread 0x0000000025bee800 DEOPT PACKING pc=0x000000000672447d sp=0x0000000027189e20
Event: 97.287 Thread 0x0000000025bee800 DEOPT UNPACKING pc=0x00000000032475d0 sp=0x0000000027189f78 mode 0


Dynamic libraries:
0x00007ff625c40000 - 0x00007ff625c71000 	C:\Program Files\Android\Android Studio\jre\bin\java.exe
0x00007ffa78190000 - 0x00007ffa78385000 	C:\WINDOWS\SYSTEM32\ntdll.dll
0x00007ffa5fb00000 - 0x00007ffa5fb13000 	C:\Program Files\Avast Software\Avast\aswhook.dll
0x00007ffa77930000 - 0x00007ffa779ed000 	C:\WINDOWS\System32\KERNEL32.DLL
0x00007ffa75df0000 - 0x00007ffa760b9000 	C:\WINDOWS\System32\KERNELBASE.dll
0x00007ffa77560000 - 0x00007ffa7760c000 	C:\WINDOWS\System32\ADVAPI32.dll
0x00007ffa780a0000 - 0x00007ffa7813e000 	C:\WINDOWS\System32\msvcrt.dll
0x00007ffa76380000 - 0x00007ffa7641c000 	C:\WINDOWS\System32\sechost.dll
0x00007ffa76420000 - 0x00007ffa7654b000 	C:\WINDOWS\System32\RPCRT4.dll
0x00007ffa77790000 - 0x00007ffa77930000 	C:\WINDOWS\System32\USER32.dll
0x00007ffa75ab0000 - 0x00007ffa75ad2000 	C:\WINDOWS\System32\win32u.dll
0x00007ffa765f0000 - 0x00007ffa7661a000 	C:\WINDOWS\System32\GDI32.dll
0x00007ffa75c80000 - 0x00007ffa75d8b000 	C:\WINDOWS\System32\gdi32full.dll
0x00007ffa75ae0000 - 0x00007ffa75b7d000 	C:\WINDOWS\System32\msvcp_win.dll
0x00007ffa760c0000 - 0x00007ffa761c0000 	C:\WINDOWS\System32\ucrtbase.dll
0x00007ffa614c0000 - 0x00007ffa6175a000 	C:\WINDOWS\WinSxS\amd64_microsoft.windows.common-controls_6595b64144ccf1df_6.0.19041.844_none_ca00b6081b84eb1d\COMCTL32.dll
0x00007ffa76550000 - 0x00007ffa76580000 	C:\WINDOWS\System32\IMM32.DLL
0x0000000052440000 - 0x0000000052512000 	C:\Program Files\Android\Android Studio\jre\jre\bin\msvcr100.dll
0x0000000052600000 - 0x0000000052e4b000 	C:\Program Files\Android\Android Studio\jre\jre\bin\server\jvm.dll
0x00007ffa77fb0000 - 0x00007ffa77fb8000 	C:\WINDOWS\System32\PSAPI.DLL
0x00007ffa62ae0000 - 0x00007ffa62ae9000 	C:\WINDOWS\SYSTEM32\WSOCK32.dll
0x00007ffa6ee00000 - 0x00007ffa6ee0a000 	C:\WINDOWS\SYSTEM32\VERSION.dll
0x00007ffa64010000 - 0x00007ffa64037000 	C:\WINDOWS\SYSTEM32\WINMM.dll
0x00007ffa76580000 - 0x00007ffa765eb000 	C:\WINDOWS\System32\WS2_32.dll
0x00007ffa70420000 - 0x00007ffa7042f000 	C:\Program Files\Android\Android Studio\jre\jre\bin\verify.dll
0x00007ffa66320000 - 0x00007ffa66349000 	C:\Program Files\Android\Android Studio\jre\jre\bin\java.dll
0x00007ffa674e0000 - 0x00007ffa674f6000 	C:\Program Files\Android\Android Studio\jre\jre\bin\zip.dll
0x00007ffa76860000 - 0x00007ffa76fa2000 	C:\WINDOWS\System32\SHELL32.dll
0x00007ffa73a30000 - 0x00007ffa741c0000 	C:\WINDOWS\SYSTEM32\windows.storage.dll
0x00007ffa77a50000 - 0x00007ffa77da5000 	C:\WINDOWS\System32\combase.dll
0x00007ffa75270000 - 0x00007ffa7529c000 	C:\WINDOWS\SYSTEM32\Wldp.dll
0x00007ffa776e0000 - 0x00007ffa7778e000 	C:\WINDOWS\System32\SHCORE.dll
0x00007ffa774f0000 - 0x00007ffa77545000 	C:\WINDOWS\System32\shlwapi.dll
0x00007ffa75810000 - 0x00007ffa7582f000 	C:\WINDOWS\SYSTEM32\profapi.dll
0x00007ffa66300000 - 0x00007ffa6631a000 	C:\Program Files\Android\Android Studio\jre\jre\bin\net.dll
0x00007ffa74ff0000 - 0x00007ffa7505a000 	C:\WINDOWS\system32\mswsock.dll
0x00007ffa662a0000 - 0x00007ffa662b3000 	C:\Program Files\Android\Android Studio\jre\jre\bin\nio.dll
0x00007ffa5d140000 - 0x00007ffa5d167000 	C:\Users\55219\.gradle\native\f6784746aeab05261644944871eae4fe03e0ef1612fff0a4a95f87b438bc6780\windows-amd64\native-platform.dll
0x00007ffa70410000 - 0x00007ffa7041d000 	C:\Program Files\Android\Android Studio\jre\jre\bin\management.dll
0x00007ffa751c0000 - 0x00007ffa751d8000 	C:\WINDOWS\SYSTEM32\CRYPTSP.dll
0x00007ffa74990000 - 0x00007ffa749c4000 	C:\WINDOWS\system32\rsaenh.dll
0x00007ffa761c0000 - 0x00007ffa761e7000 	C:\WINDOWS\System32\bcrypt.dll
0x00007ffa75790000 - 0x00007ffa757be000 	C:\WINDOWS\SYSTEM32\USERENV.dll
0x00007ffa758d0000 - 0x00007ffa75950000 	C:\WINDOWS\System32\bcryptprimitives.dll
0x00007ffa751e0000 - 0x00007ffa751ec000 	C:\WINDOWS\SYSTEM32\CRYPTBASE.dll
0x00007ffa74ce0000 - 0x00007ffa74d1b000 	C:\WINDOWS\SYSTEM32\IPHLPAPI.DLL
0x00007ffa78140000 - 0x00007ffa78148000 	C:\WINDOWS\System32\NSI.dll
0x00007ffa6abf0000 - 0x00007ffa6ac07000 	C:\WINDOWS\SYSTEM32\dhcpcsvc6.DLL
0x00007ffa6c370000 - 0x00007ffa6c38d000 	C:\WINDOWS\SYSTEM32\dhcpcsvc.DLL
0x00007ffa74d20000 - 0x00007ffa74deb000 	C:\WINDOWS\SYSTEM32\DNSAPI.dll
0x00007ffa6e490000 - 0x00007ffa6e49b000 	C:\WINDOWS\SYSTEM32\WINNSI.DLL
0x00007ffa660b0000 - 0x00007ffa660d4000 	C:\Program Files\Android\Android Studio\jre\jre\bin\sunec.dll
0x00007ffa67d80000 - 0x00007ffa67d8a000 	C:\Windows\System32\rasadhlp.dll
0x00007ffa646f0000 - 0x00007ffa6476f000 	C:\WINDOWS\System32\fwpuclnt.dll
0x00007ffa70330000 - 0x00007ffa7033b000 	C:\Program Files\Android\Android Studio\jre\jre\bin\sunmscapi.dll
0x00007ffa75950000 - 0x00007ffa75aaf000 	C:\WINDOWS\System32\CRYPT32.dll
0x00007ffa74620000 - 0x00007ffa74653000 	C:\WINDOWS\SYSTEM32\ntmarta.dll
0x00007ffa45340000 - 0x00007ffa454dc000 	C:\Program Files\Android\Android Studio\jre\jre\bin\awt.dll
0x00007ffa77610000 - 0x00007ffa776dd000 	C:\WINDOWS\System32\OLEAUT32.dll
0x00007ffa73720000 - 0x00007ffa7374f000 	C:\WINDOWS\SYSTEM32\dwmapi.dll
0x00007ffa71970000 - 0x00007ffa71f30000 	C:\WINDOWS\SYSTEM32\d2d1.dll
0x00007ffa73270000 - 0x00007ffa73300000 	C:\WINDOWS\SYSTEM32\apphelp.dll
0x00007ffa73370000 - 0x00007ffa7340e000 	C:\WINDOWS\system32\uxtheme.dll

VM Arguments:
jvm_args: -Xmx2048m -Dfile.encoding=UTF-8 -Duser.country=BR -Duser.language=pt -Duser.variant 
java_command: org.gradle.launcher.daemon.bootstrap.GradleDaemon 6.5
java_class_path (initial): C:\Users\55219\.gradle\wrapper\dists\gradle-6.5-bin\6nifqtx7604sqp1q6g8wikw7p\gradle-6.5\lib\gradle-launcher-6.5.jar
Launcher Type: SUN_STANDARD

Environment Variables:
JAVA_HOME=C:\Program Files\Java\jdk1.8.0_281
PATH=C:\Program Files\AdoptOpenJDK\jdk-11.0.10.9-hotspot\bin;C:\Program Files (x86)\Common Files\Oracle\Java\javapath;C:\WINDOWS\system32;C:\WINDOWS;C:\WINDOWS\System32\Wbem;C:\WINDOWS\System32\WindowsPowerShell\v1.0\;C:\WINDOWS\System32\OpenSSH\;C:\Program Files\Java\jdk1.8.0_261\bin;C:\Program Files\dotnet\;C:\Program Files\Git\cmd;C:\Users\55219\AppData\Roaming\nvm;C:\Program Files\nodejs;C:\Program Files\Java\jdk1.8.0_281\bin;C:\Program Files\MySQL\MySQL Shell 8.0\bin\;C:\Users\55219\AppData\Local\Microsoft\WindowsApps;C:\Users\55219\AppData\Local\Programs\Microsoft VS Code\bin;C:\Users\55219\AppData\Local\GitHubDesktop\bin;C:\Users\55219\.dotnet\tools;C:\Users\55219\AppData\Roaming\nvm;C:\Program Files\nodejs
USERNAME=55219
OS=Windows_NT
PROCESSOR_IDENTIFIER=Intel64 Family 6 Model 142 Stepping 12, GenuineIntel



---------------  S Y S T E M  ---------------

OS: Windows 10.0 , 64 bit Build 19041 (10.0.19041.804)

CPU:total 8 (initial active 8) (4 cores per cpu, 2 threads per core) family 6 model 142 stepping 12, cmov, cx8, fxsr, mmx, sse, sse2, sse3, ssse3, sse4.1, sse4.2, popcnt, avx, avx2, aes, clmul, erms, 3dnowpref, lzcnt, ht, tsc, tscinvbit, bmi1, bmi2, adx

Memory: 4k page, physical 8265972k(322840k free), swap 15478408k(5408k free)

vm_info: OpenJDK 64-Bit Server VM (25.242-b01) for windows-amd64 JRE (1.8.0_242-release-1644-b01), built by "builder" with MS VC++ 10.0 (VS2010)

time: Wed Apr 14 18:53:55 2021
timezone: Hora oficial do Brasil
elapsed time: 97 seconds (0d 0h 1m 37s)

