#
# There is insufficient memory for the Java Runtime Environment to continue.
# Native memory allocation (malloc) failed to allocate 510736 bytes for Chunk::new
# Possible reasons:
#   The system is out of physical RAM or swap space
#   The process is running with CompressedOops enabled, and the Java Heap may be blocking the growth of the native heap
# Possible solutions:
#   Reduce memory load on the system
#   Increase physical memory or swap space
#   Check if swap backing store is full
#   Decrease Java heap size (-Xmx/-Xms)
#   Decrease number of Java threads
#   Decrease Java thread stack sizes (-Xss)
#   Set larger code cache with -XX:ReservedCodeCacheSize=
#   JVM is running with Unscaled Compressed Oops mode in which the Java heap is
#     placed in the first 4GB address space. The Java Heap base address is the
#     maximum limit for the native heap growth. Please use -XX:HeapBaseMinAddress
#     to set the Java Heap base and to place the Java Heap above 4GB virtual address.
# This output file may be truncated or incomplete.
#
#  Out of Memory Error (allocation.cpp:389), pid=14084, tid=0x0000000000002540
#
# JRE version: OpenJDK Runtime Environment (8.0_242-b01) (build 1.8.0_242-release-1644-b01)
# Java VM: OpenJDK 64-Bit Server VM (25.242-b01 mixed mode windows-amd64 compressed oops)
# Failed to write core dump. Minidumps are not enabled by default on client versions of Windows
#

---------------  T H R E A D  ---------------

Current thread (0x00000000198c5800):  JavaThread "C2 CompilerThread0" daemon [_thread_in_native, id=9536, stack(0x000000001a1a0000,0x000000001a2a0000)]

Stack: [0x000000001a1a0000,0x000000001a2a0000]
[error occurred during error reporting (printing stack bounds), id 0xc0000005]

Native frames: (J=compiled Java code, j=interpreted, Vv=VM code, C=native code)


Current CompileTask:
C2:  20358 13861       4       com.android.tools.r8.ir.conversion.o::a (366 bytes)


---------------  P R O C E S S  ---------------

Java Threads: ( => current thread )
  0x000000001f528000 JavaThread "stdout" [_thread_in_native, id=12640, stack(0x0000000031490000,0x0000000031590000)]
  0x000000001f52d000 JavaThread "stderr" [_thread_in_native, id=10148, stack(0x0000000031390000,0x0000000031490000)]
  0x000000001f52a000 JavaThread "stdout" [_thread_in_native, id=1892, stack(0x0000000031290000,0x0000000031390000)]
  0x000000001f528800 JavaThread "stderr" [_thread_in_native, id=2528, stack(0x0000000030a10000,0x0000000030b10000)]
  0x000000001f52c800 JavaThread "stdout" [_thread_in_native, id=15016, stack(0x0000000031190000,0x0000000031290000)]
  0x000000001f529800 JavaThread "stderr" [_thread_in_native, id=18892, stack(0x0000000031090000,0x0000000031190000)]
  0x000000001f52b000 JavaThread "stdout" [_thread_in_native, id=10176, stack(0x0000000030f90000,0x0000000031090000)]
  0x000000001f526000 JavaThread "stderr" [_thread_in_native, id=14492, stack(0x0000000030e90000,0x0000000030f90000)]
  0x000000001ffdc800 JavaThread "stdout" [_thread_in_native, id=11464, stack(0x0000000030d90000,0x0000000030e90000)]
  0x000000001ffda000 JavaThread "stderr" [_thread_in_native, id=18376, stack(0x0000000030c90000,0x0000000030d90000)]
  0x000000001ffdb800 JavaThread "stdout" [_thread_in_native, id=7908, stack(0x0000000030b90000,0x0000000030c90000)]
  0x000000001ffdd000 JavaThread "stderr" [_thread_in_native, id=5156, stack(0x00000000304a0000,0x00000000305a0000)]
  0x000000001ffd2800 JavaThread "stdout" [_thread_in_native, id=15980, stack(0x0000000030910000,0x0000000030a10000)]
  0x000000001ffd7000 JavaThread "stderr" [_thread_in_native, id=1432, stack(0x0000000030810000,0x0000000030910000)]
  0x000000001ffd6800 JavaThread "stdout" [_thread_in_native, id=16644, stack(0x0000000030710000,0x0000000030810000)]
  0x000000001ffd9800 JavaThread "stderr" [_thread_in_native, id=2976, stack(0x0000000030610000,0x0000000030710000)]
  0x000000001ffd8800 JavaThread "pool-2-thread-1" [_thread_blocked, id=7372, stack(0x0000000030160000,0x0000000030260000)]
  0x000000001ffdb000 JavaThread "MarlinRenderer Disposer" daemon [_thread_blocked, id=16508, stack(0x0000000030060000,0x0000000030160000)]
  0x000000001ffd8000 JavaThread "Java2D Disposer" daemon [_thread_blocked, id=12028, stack(0x000000002ff60000,0x0000000030060000)]
  0x000000001ffcf000 JavaThread "WorkerExecutor Queue Thread 8" [_thread_blocked, id=5304, stack(0x000000002fc60000,0x000000002fd60000)]
  0x000000001ffd5800 JavaThread "WorkerExecutor Queue Thread 7" [_thread_blocked, id=11780, stack(0x000000002fb60000,0x000000002fc60000)]
  0x000000001ffce000 JavaThread "WorkerExecutor Queue Thread 6" [_thread_blocked, id=10628, stack(0x000000002fa60000,0x000000002fb60000)]
  0x000000001ffd0800 JavaThread "WorkerExecutor Queue Thread 5" [_thread_blocked, id=18356, stack(0x000000002f960000,0x000000002fa60000)]
  0x000000001ffd2000 JavaThread "WorkerExecutor Queue Thread 4" [_thread_blocked, id=4612, stack(0x000000002f860000,0x000000002f960000)]
  0x000000001ffd1000 JavaThread "WorkerExecutor Queue Thread 3" [_thread_blocked, id=13996, stack(0x000000002f760000,0x000000002f860000)]
  0x000000001ffcf800 JavaThread "WorkerExecutor Queue Thread 2" [_thread_blocked, id=15948, stack(0x000000002f660000,0x000000002f760000)]
  0x000000001ffd5000 JavaThread "WorkerExecutor Queue" [_thread_blocked, id=6548, stack(0x000000002f560000,0x000000002f660000)]
  0x0000000021758000 JavaThread "Cache worker for execution history cache (C:\Users\55219\AndroidStudioProjects\HelloWord\.gradle\6.5\executionHistory)" [_thread_blocked, id=11364, stack(0x000000002f060000,0x000000002f160000)]
  0x0000000021759000 JavaThread "Execution worker for ':' Thread 7" [_thread_blocked, id=11500, stack(0x000000002ef60000,0x000000002f060000)]
  0x0000000021757800 JavaThread "Execution worker for ':' Thread 6" [_thread_blocked, id=10732, stack(0x000000002ee60000,0x000000002ef60000)]
  0x0000000021756800 JavaThread "Execution worker for ':' Thread 5" [_thread_blocked, id=11012, stack(0x000000002ed60000,0x000000002ee60000)]
  0x0000000021756000 JavaThread "Execution worker for ':' Thread 4" [_thread_blocked, id=5376, stack(0x000000002ec60000,0x000000002ed60000)]
  0x0000000021755000 JavaThread "Execution worker for ':' Thread 3" [_thread_blocked, id=2008, stack(0x000000002eb60000,0x000000002ec60000)]
  0x000000002175c000 JavaThread "Execution worker for ':' Thread 2" [_thread_blocked, id=9988, stack(0x000000002ea60000,0x000000002eb60000)]
  0x0000000021759800 JavaThread "Execution worker for ':'" [_thread_blocked, id=9388, stack(0x000000002d500000,0x000000002d600000)]
  0x000000002175a800 JavaThread "Cache worker for file content cache (C:\Users\55219\AndroidStudioProjects\HelloWord\.gradle\6.5\fileContent)" [_thread_blocked, id=17848, stack(0x000000002d160000,0x000000002d260000)]
  0x000000002175b000 JavaThread "Memory manager" [_thread_blocked, id=7220, stack(0x000000002c640000,0x000000002c740000)]
  0x000000001c9b9000 JavaThread "pool-1-thread-1" [_thread_blocked, id=12376, stack(0x000000002c140000,0x000000002c240000)]
  0x000000001c9b8000 JavaThread "Cache worker for Build Output Cleanup Cache (C:\Users\55219\AndroidStudioProjects\HelloWord\.gradle\buildOutputCleanup)" [_thread_blocked, id=14316, stack(0x000000002be40000,0x000000002bf40000)]
  0x000000001c9b7800 JavaThread "jar transforms Thread 113" [_thread_blocked, id=9348, stack(0x000000002ab70000,0x000000002ac70000)]
  0x000000001c9ba800 JavaThread "jar transforms Thread 112" [_thread_blocked, id=17332, stack(0x000000002aa70000,0x000000002ab70000)]
  0x000000001c9b6000 JavaThread "jar transforms Thread 111" [_thread_blocked, id=3168, stack(0x000000002a970000,0x000000002aa70000)]
  0x000000001c9b9800 JavaThread "jar transforms Thread 110" [_thread_blocked, id=16396, stack(0x000000002a870000,0x000000002a970000)]
  0x000000001c9b6800 JavaThread "jar transforms Thread 109" [_thread_blocked, id=15496, stack(0x000000002a770000,0x000000002a870000)]
  0x000000001c9b5000 JavaThread "jar transforms Thread 108" [_thread_blocked, id=11680, stack(0x000000002a670000,0x000000002a770000)]
  0x000000001c9ad800 JavaThread "jar transforms Thread 107" [_thread_blocked, id=11704, stack(0x000000002a470000,0x000000002a570000)]
  0x000000001c9b4800 JavaThread "jar transforms Thread 106" [_thread_blocked, id=9012, stack(0x000000002a370000,0x000000002a470000)]
  0x000000001c9b3800 JavaThread "jar transforms Thread 105" [_thread_blocked, id=8060, stack(0x000000002a270000,0x000000002a370000)]
  0x000000001c9ad000 JavaThread "jar transforms Thread 104" [_thread_blocked, id=17496, stack(0x000000002a170000,0x000000002a270000)]
  0x000000001c9b3000 JavaThread "jar transforms Thread 103" [_thread_blocked, id=15952, stack(0x000000002a070000,0x000000002a170000)]
  0x000000001c9ae800 JavaThread "jar transforms Thread 102" [_thread_blocked, id=11864, stack(0x0000000029f70000,0x000000002a070000)]
  0x000000001c9b1800 JavaThread "jar transforms Thread 101" [_thread_blocked, id=14312, stack(0x0000000029e70000,0x0000000029f70000)]
  0x000000001c9ab800 JavaThread "jar transforms Thread 100" [_thread_blocked, id=18184, stack(0x0000000029d70000,0x0000000029e70000)]
  0x000000001c9ac000 JavaThread "jar transforms Thread 99" [_thread_blocked, id=11224, stack(0x0000000029c70000,0x0000000029d70000)]
  0x000000001c9b0800 JavaThread "jar transforms Thread 98" [_thread_blocked, id=7948, stack(0x0000000029b70000,0x0000000029c70000)]
  0x000000001c9af000 JavaThread "jar transforms Thread 97" [_thread_blocked, id=9384, stack(0x0000000029a70000,0x0000000029b70000)]
  0x000000001c9b0000 JavaThread "jar transforms Thread 96" [_thread_blocked, id=16012, stack(0x0000000029970000,0x0000000029a70000)]
  0x000000001c9b2000 JavaThread "jar transforms Thread 95" [_thread_blocked, id=19140, stack(0x0000000029870000,0x0000000029970000)]
  0x000000001cb9a000 JavaThread "jar transforms Thread 94" [_thread_blocked, id=8940, stack(0x0000000029770000,0x0000000029870000)]
  0x000000001cb99000 JavaThread "jar transforms Thread 93" [_thread_blocked, id=17592, stack(0x0000000029670000,0x0000000029770000)]
  0x000000001cb98800 JavaThread "jar transforms Thread 92" [_thread_blocked, id=10516, stack(0x0000000029570000,0x0000000029670000)]
  0x000000001cb9c800 JavaThread "jar transforms Thread 91" [_thread_blocked, id=13304, stack(0x0000000029470000,0x0000000029570000)]
  0x000000001cb97800 JavaThread "jar transforms Thread 90" [_thread_blocked, id=11632, stack(0x0000000029370000,0x0000000029470000)]
  0x000000001cb97000 JavaThread "jar transforms Thread 89" [_thread_blocked, id=10656, stack(0x0000000029270000,0x0000000029370000)]
  0x000000001cb9b800 JavaThread "jar transforms Thread 88" [_thread_blocked, id=11736, stack(0x0000000029170000,0x0000000029270000)]
  0x000000001cb9b000 JavaThread "jar transforms Thread 87" [_thread_blocked, id=7416, stack(0x0000000029070000,0x0000000029170000)]
  0x000000001cb8f800 JavaThread "jar transforms Thread 86" [_thread_blocked, id=18576, stack(0x0000000028f70000,0x0000000029070000)]
  0x000000001cb96000 JavaThread "jar transforms Thread 85" [_thread_blocked, id=10108, stack(0x0000000028e70000,0x0000000028f70000)]
  0x000000001cb95800 JavaThread "jar transforms Thread 84" [_thread_blocked, id=8152, stack(0x0000000028d70000,0x0000000028e70000)]
  0x000000001cb8e000 JavaThread "jar transforms Thread 83" [_thread_blocked, id=17744, stack(0x0000000028c70000,0x0000000028d70000)]
  0x000000001cb94000 JavaThread "jar transforms Thread 82" [_thread_blocked, id=12728, stack(0x0000000028b70000,0x0000000028c70000)]
  0x000000001cb93000 JavaThread "jar transforms Thread 81" [_thread_blocked, id=9000, stack(0x0000000028a70000,0x0000000028b70000)]
  0x000000001cb92800 JavaThread "jar transforms Thread 80" [_thread_blocked, id=9160, stack(0x0000000028970000,0x0000000028a70000)]
  0x000000001cb91800 JavaThread "jar transforms Thread 79" [_thread_blocked, id=9908, stack(0x0000000028870000,0x0000000028970000)]
  0x000000001cb94800 JavaThread "jar transforms Thread 78" [_thread_blocked, id=17884, stack(0x0000000028770000,0x0000000028870000)]
  0x000000001cb8d000 JavaThread "jar transforms Thread 77" [_thread_blocked, id=18520, stack(0x0000000028670000,0x0000000028770000)]
  0x000000001cb8e800 JavaThread "jar transforms Thread 76" [_thread_blocked, id=5016, stack(0x0000000028570000,0x0000000028670000)]
  0x000000001cb91000 JavaThread "jar transforms Thread 75" [_thread_blocked, id=1232, stack(0x0000000028470000,0x0000000028570000)]
  0x000000001cb90000 JavaThread "jar transforms Thread 74" [_thread_blocked, id=16936, stack(0x0000000028370000,0x0000000028470000)]
  0x0000000020620800 JavaThread "jar transforms Thread 73" [_thread_blocked, id=19272, stack(0x0000000028270000,0x0000000028370000)]
  0x0000000020623000 JavaThread "jar transforms Thread 72" [_thread_blocked, id=8344, stack(0x0000000028170000,0x0000000028270000)]
  0x000000002061f000 JavaThread "jar transforms Thread 71" [_thread_blocked, id=8668, stack(0x0000000028070000,0x0000000028170000)]
  0x0000000020620000 JavaThread "jar transforms Thread 70" [_thread_blocked, id=19052, stack(0x0000000027f70000,0x0000000028070000)]
  0x000000002061e800 JavaThread "jar transforms Thread 69" [_thread_blocked, id=8208, stack(0x0000000027e70000,0x0000000027f70000)]
  0x0000000020623800 JavaThread "jar transforms Thread 68" [_thread_blocked, id=15908, stack(0x0000000027d70000,0x0000000027e70000)]
  0x0000000020622000 JavaThread "jar transforms Thread 67" [_thread_blocked, id=10848, stack(0x0000000027c70000,0x0000000027d70000)]
  0x0000000020625000 JavaThread "jar transforms Thread 66" [_thread_blocked, id=8904, stack(0x0000000027b70000,0x0000000027c70000)]
  0x0000000020621800 JavaThread "jar transforms Thread 65" [_thread_blocked, id=7280, stack(0x0000000027a70000,0x0000000027b70000)]
  0x0000000020624800 JavaThread "jar transforms Thread 64" [_thread_blocked, id=5020, stack(0x0000000027970000,0x0000000027a70000)]
  0x0000000020617000 JavaThread "jar transforms Thread 63" [_thread_blocked, id=2092, stack(0x0000000027870000,0x0000000027970000)]
  0x000000002061a800 JavaThread "jar transforms Thread 62" [_thread_blocked, id=16884, stack(0x0000000027770000,0x0000000027870000)]
  0x000000002061d000 JavaThread "jar transforms Thread 61" [_thread_blocked, id=368, stack(0x0000000027670000,0x0000000027770000)]
  0x000000002061c000 JavaThread "jar transforms Thread 60" [_thread_blocked, id=4200, stack(0x0000000027570000,0x0000000027670000)]
  0x0000000020617800 JavaThread "jar transforms Thread 59" [_thread_blocked, id=9016, stack(0x0000000027470000,0x0000000027570000)]
  0x0000000020619000 JavaThread "jar transforms Thread 58" [_thread_blocked, id=14456, stack(0x0000000027370000,0x0000000027470000)]
  0x000000002061d800 JavaThread "jar transforms Thread 57" [_thread_blocked, id=1428, stack(0x0000000027270000,0x0000000027370000)]
  0x0000000020618800 JavaThread "jar transforms Thread 56" [_thread_blocked, id=10168, stack(0x0000000027170000,0x0000000027270000)]
  0x000000002061b800 JavaThread "jar transforms Thread 55" [_thread_blocked, id=1240, stack(0x0000000027070000,0x0000000027170000)]
  0x000000002061a000 JavaThread "jar transforms Thread 54" [_thread_blocked, id=4496, stack(0x0000000026f70000,0x0000000027070000)]
  0x0000000020616000 JavaThread "jar transforms Thread 53" [_thread_blocked, id=14900, stack(0x0000000026e70000,0x0000000026f70000)]
  0x000000001cb0b800 JavaThread "jar transforms Thread 52" [_thread_blocked, id=15956, stack(0x0000000026d70000,0x0000000026e70000)]
  0x000000001cb0a800 JavaThread "jar transforms Thread 51" [_thread_blocked, id=6824, stack(0x0000000026c70000,0x0000000026d70000)]
  0x000000001cb03000 JavaThread "jar transforms Thread 50" [_thread_blocked, id=17304, stack(0x0000000026b70000,0x0000000026c70000)]
  0x000000001cb0a000 JavaThread "jar transforms Thread 49" [_thread_blocked, id=9756, stack(0x0000000026a70000,0x0000000026b70000)]
  0x000000001cb02000 JavaThread "jar transforms Thread 48" [_thread_blocked, id=13380, stack(0x0000000026970000,0x0000000026a70000)]
  0x000000001cb09000 JavaThread "jar transforms Thread 47" [_thread_blocked, id=17244, stack(0x0000000026870000,0x0000000026970000)]
  0x000000001cb08000 JavaThread "jar transforms Thread 46" [_thread_blocked, id=16492, stack(0x0000000026770000,0x0000000026870000)]
  0x000000001cb03800 JavaThread "jar transforms Thread 45" [_thread_blocked, id=5728, stack(0x0000000026670000,0x0000000026770000)]
  0x000000001cb07800 JavaThread "jar transforms Thread 44" [_thread_blocked, id=8280, stack(0x0000000026570000,0x0000000026670000)]
  0x000000001cb00000 JavaThread "jar transforms Thread 43" [_thread_blocked, id=5040, stack(0x0000000026470000,0x0000000026570000)]
  0x000000001cb01800 JavaThread "jar transforms Thread 42" [_thread_blocked, id=10560, stack(0x0000000026370000,0x0000000026470000)]
  0x000000001cb04800 JavaThread "jar transforms Thread 41" [_thread_blocked, id=16892, stack(0x0000000026270000,0x0000000026370000)]
  0x000000001cb06800 JavaThread "jar transforms Thread 40" [_thread_blocked, id=16860, stack(0x0000000026170000,0x0000000026270000)]
  0x000000001caff000 JavaThread "jar transforms Thread 39" [_thread_blocked, id=16924, stack(0x0000000026070000,0x0000000026170000)]
  0x000000001cb05000 JavaThread "jar transforms Thread 38" [_thread_blocked, id=1780, stack(0x0000000025f70000,0x0000000026070000)]
  0x000000001cb06000 JavaThread "jar transforms Thread 37" [_thread_blocked, id=18472, stack(0x0000000025e70000,0x0000000025f70000)]
  0x000000001cafe800 JavaThread "jar transforms Thread 36" [_thread_blocked, id=6764, stack(0x0000000025d70000,0x0000000025e70000)]
  0x000000001cafd800 JavaThread "jar transforms Thread 35" [_thread_blocked, id=5772, stack(0x0000000025c70000,0x0000000025d70000)]
  0x000000001cafc000 JavaThread "jar transforms Thread 34" [_thread_blocked, id=16392, stack(0x0000000025b70000,0x0000000025c70000)]
  0x000000001cb00800 JavaThread "jar transforms Thread 33" [_thread_blocked, id=18372, stack(0x0000000025a70000,0x0000000025b70000)]
  0x000000001cafd000 JavaThread "jar transforms Thread 32" [_thread_blocked, id=19176, stack(0x0000000025970000,0x0000000025a70000)]
  0x000000001ca82000 JavaThread "jar transforms Thread 31" [_thread_blocked, id=10120, stack(0x0000000025870000,0x0000000025970000)]
  0x000000001ca81800 JavaThread "jar transforms Thread 30" [_thread_blocked, id=6012, stack(0x0000000025770000,0x0000000025870000)]
  0x000000001ca80000 JavaThread "jar transforms Thread 29" [_thread_blocked, id=17392, stack(0x0000000025670000,0x0000000025770000)]
  0x000000001ca80800 JavaThread "jar transforms Thread 28" [_thread_blocked, id=6160, stack(0x0000000025570000,0x0000000025670000)]
  0x000000001ca78800 JavaThread "jar transforms Thread 27" [_thread_blocked, id=14092, stack(0x0000000025470000,0x0000000025570000)]
  0x000000001ca7f000 JavaThread "jar transforms Thread 26" [_thread_blocked, id=13096, stack(0x0000000025370000,0x0000000025470000)]
  0x000000001ca7e800 JavaThread "jar transforms Thread 25" [_thread_blocked, id=12680, stack(0x0000000025270000,0x0000000025370000)]
  0x000000001ca77000 JavaThread "jar transforms Thread 24" [_thread_blocked, id=10344, stack(0x0000000025170000,0x0000000025270000)]
  0x000000001ca7d800 JavaThread "jar transforms Thread 23" [_thread_blocked, id=11284, stack(0x0000000025070000,0x0000000025170000)]
  0x000000001ca7d000 JavaThread "jar transforms Thread 22" [_thread_blocked, id=14392, stack(0x0000000024f70000,0x0000000025070000)]
  0x000000001ca7b800 JavaThread "jar transforms Thread 21" [_thread_blocked, id=14012, stack(0x0000000024e70000,0x0000000024f70000)]
  0x000000001ca7c000 JavaThread "jar transforms Thread 20" [_thread_blocked, id=13308, stack(0x0000000024d70000,0x0000000024e70000)]
  0x000000001ca77800 JavaThread "jar transforms Thread 19" [_thread_blocked, id=1576, stack(0x0000000024c70000,0x0000000024d70000)]
  0x000000001ca74000 JavaThread "jar transforms Thread 18" [_thread_blocked, id=5412, stack(0x0000000024b70000,0x0000000024c70000)]
  0x000000001ca76000 JavaThread "jar transforms Thread 17" [_thread_blocked, id=15820, stack(0x0000000024a70000,0x0000000024b70000)]
  0x000000001ca7a800 JavaThread "jar transforms Thread 16" [_thread_blocked, id=14816, stack(0x0000000024970000,0x0000000024a70000)]
  0x000000001ca73000 JavaThread "jar transforms Thread 15" [_thread_blocked, id=19084, stack(0x0000000024870000,0x0000000024970000)]
  0x000000001ca75800 JavaThread "jar transforms Thread 14" [_thread_blocked, id=14552, stack(0x0000000024770000,0x0000000024870000)]
  0x000000001ca74800 JavaThread "jar transforms Thread 13" [_thread_blocked, id=16756, stack(0x0000000024670000,0x0000000024770000)]
  0x000000001ca7a000 JavaThread "jar transforms Thread 12" [_thread_blocked, id=9228, stack(0x0000000024570000,0x0000000024670000)]
  0x000000001ca79000 JavaThread "jar transforms Thread 11" [_thread_blocked, id=19348, stack(0x0000000024470000,0x0000000024570000)]
  0x000000001c80b000 JavaThread "jar transforms Thread 10" [_thread_blocked, id=17208, stack(0x0000000024370000,0x0000000024470000)]
  0x000000001c80d800 JavaThread "jar transforms Thread 9" [_thread_blocked, id=12748, stack(0x0000000024270000,0x0000000024370000)]
  0x000000001c809800 JavaThread "jar transforms Thread 8" [_thread_blocked, id=11876, stack(0x0000000024170000,0x0000000024270000)]
  0x000000001c80c000 JavaThread "jar transforms Thread 7" [_thread_blocked, id=9816, stack(0x0000000024070000,0x0000000024170000)]
  0x000000001c808000 JavaThread "jar transforms Thread 6" [_thread_blocked, id=18480, stack(0x0000000023f70000,0x0000000024070000)]
  0x000000001c809000 JavaThread "jar transforms Thread 5" [_thread_blocked, id=15044, stack(0x0000000023e70000,0x0000000023f70000)]
  0x000000001c80c800 JavaThread "jar transforms Thread 4" [_thread_blocked, id=13648, stack(0x00000000233e0000,0x00000000234e0000)]
  0x000000001c80a800 JavaThread "jar transforms Thread 3" [_thread_blocked, id=3964, stack(0x00000000232e0000,0x00000000233e0000)]
  0x000000001c807800 JavaThread "jar transforms Thread 2" [_thread_blocked, id=18980, stack(0x00000000231e0000,0x00000000232e0000)]
  0x000000001c800000 JavaThread "Build operations Thread 8" [_thread_in_Java, id=8376, stack(0x0000000023c70000,0x0000000023d70000)]
  0x000000001c806800 JavaThread "Build operations Thread 7" [_thread_in_Java, id=1272, stack(0x0000000023b70000,0x0000000023c70000)]
  0x000000001c804800 JavaThread "Build operations Thread 6" [_thread_blocked, id=8244, stack(0x0000000023a70000,0x0000000023b70000)]
  0x000000001c803800 JavaThread "Build operations Thread 5" [_thread_blocked, id=1860, stack(0x0000000023970000,0x0000000023a70000)]
  0x000000001c801800 JavaThread "Build operations Thread 4" [_thread_in_Java, id=8, stack(0x0000000023870000,0x0000000023970000)]
  0x000000001c803000 JavaThread "Build operations Thread 3" [_thread_in_Java, id=19208, stack(0x0000000023770000,0x0000000023870000)]
  0x000000001c7ff000 JavaThread "Build operations Thread 2" [_thread_in_Java, id=6944, stack(0x0000000023670000,0x0000000023770000)]
  0x000000001c806000 JavaThread "Build operations" [_thread_in_Java, id=6024, stack(0x0000000023570000,0x0000000023670000)]
  0x000000001c624000 JavaThread "Cache worker for file content cache (C:\Users\55219\.gradle\caches\6.5\fileContent)" [_thread_blocked, id=4380, stack(0x0000000022ae0000,0x0000000022be0000)]
  0x000000001c627000 JavaThread "jar transforms" [_thread_blocked, id=15808, stack(0x00000000229e0000,0x0000000022ae0000)]
  0x000000001c623000 JavaThread "Cache worker for execution history cache (C:\Users\55219\.gradle\caches\6.5\executionHistory)" [_thread_blocked, id=17448, stack(0x00000000222e0000,0x00000000223e0000)]
  0x000000001c626000 JavaThread "Cache worker for cache directory md-rule (C:\Users\55219\.gradle\caches\6.5\md-rule)" [_thread_blocked, id=12624, stack(0x00000000221e0000,0x00000000222e0000)]
  0x000000001c629000 JavaThread "Cache worker for cache directory md-supplier (C:\Users\55219\.gradle\caches\6.5\md-supplier)" [_thread_blocked, id=3512, stack(0x0000000020d80000,0x0000000020e80000)]
  0x000000001c627800 JavaThread "Cache worker for checksums cache (C:\Users\55219\AndroidStudioProjects\HelloWord\.gradle\checksums)" [_thread_blocked, id=11036, stack(0x0000000020c80000,0x0000000020d80000)]
  0x000000001c625800 JavaThread "Cache worker for file hash cache (C:\Users\55219\AndroidStudioProjects\HelloWord\.gradle\6.5\fileHashes)" [_thread_blocked, id=932, stack(0x00000000220e0000,0x00000000221e0000)]
  0x000000001c62a000 JavaThread "Cache worker for file hash cache (C:\Users\55219\.gradle\caches\6.5\fileHashes)" [_thread_blocked, id=13872, stack(0x000000001e7e0000,0x000000001e8e0000)]
  0x000000001c628800 JavaThread "File lock request listener" [_thread_in_native, id=1464, stack(0x000000001e6e0000,0x000000001e7e0000)]
  0x000000001ab3f800 JavaThread "Cache worker for journal cache (C:\Users\55219\.gradle\caches\journal-1)" [_thread_blocked, id=11260, stack(0x000000001e5e0000,0x000000001e6e0000)]
  0x000000001a89e000 JavaThread "Thread-9" [_thread_blocked, id=8656, stack(0x000000001e2e0000,0x000000001e3e0000)]
  0x000000001c4d4000 JavaThread "Stdin handler" [_thread_blocked, id=13892, stack(0x000000001e1e0000,0x000000001e2e0000)]
  0x000000001c4f9800 JavaThread "Asynchronous log dispatcher for DefaultDaemonConnection: socket connection from /127.0.0.1:57801 to /127.0.0.1:57802" [_thread_blocked, id=3924, stack(0x000000001e0e0000,0x000000001e1e0000)]
  0x000000001c4f8800 JavaThread "Daemon worker" [_thread_blocked, id=7056, stack(0x000000001dfe0000,0x000000001e0e0000)]
  0x000000001c4f7800 JavaThread "Cancel handler" [_thread_blocked, id=15400, stack(0x000000001dee0000,0x000000001dfe0000)]
  0x000000001b5e8000 JavaThread "Handler for socket connection from /127.0.0.1:57801 to /127.0.0.1:57802" [_thread_in_native, id=14196, stack(0x000000001dde0000,0x000000001dee0000)]
  0x000000001c4b0800 JavaThread "Daemon" [_thread_blocked, id=14016, stack(0x000000001dce0000,0x000000001dde0000)]
  0x000000001c476800 JavaThread "Daemon periodic checks" [_thread_blocked, id=15452, stack(0x000000001d9e0000,0x000000001dae0000)]
  0x000000001c497000 JavaThread "Incoming local TCP Connector on port 57801" [_thread_in_native, id=11492, stack(0x000000001d780000,0x000000001d880000)]
  0x000000001c3ed800 JavaThread "Daemon health stats" [_thread_blocked, id=3524, stack(0x000000001d140000,0x000000001d240000)]
  0x0000000019956800 JavaThread "Service Thread" daemon [_thread_blocked, id=19192, stack(0x000000001a5a0000,0x000000001a6a0000)]
  0x00000000198ce800 JavaThread "C1 CompilerThread3" daemon [_thread_blocked, id=17524, stack(0x000000001a4a0000,0x000000001a5a0000)]
  0x00000000198c7800 JavaThread "C2 CompilerThread2" daemon [_thread_in_native, id=18448, stack(0x000000001a3a0000,0x000000001a4a0000)]
  0x0000000017adc000 JavaThread "C2 CompilerThread1" daemon [_thread_in_native, id=8068, stack(0x000000001a2a0000,0x000000001a3a0000)]
=>0x00000000198c5800 JavaThread "C2 CompilerThread0" daemon [_thread_in_native, id=9536, stack(0x000000001a1a0000,0x000000001a2a0000)]
  0x00000000198c4000 JavaThread "Attach Listener" daemon [_thread_blocked, id=6192, stack(0x000000001a0a0000,0x000000001a1a0000)]
  0x00000000198c3000 JavaThread "Signal Dispatcher" daemon [_thread_blocked, id=11656, stack(0x0000000019fa0000,0x000000001a0a0000)]
  0x0000000002a5c800 JavaThread "Finalizer" daemon [_thread_blocked, id=13852, stack(0x0000000019d90000,0x0000000019e90000)]
  0x00000000198b0800 JavaThread "Reference Handler" daemon [_thread_blocked, id=380, stack(0x0000000019c90000,0x0000000019d90000)]
  0x000000000293e800 JavaThread "main" [_thread_blocked, id=2508, stack(0x00000000027d0000,0x00000000028d0000)]

Other Threads:
  0x0000000017ac8000 VMThread [stack: 0x0000000019790000,0x0000000019890000] [id=8964]
  0x0000000019957800 WatcherThread [stack: 0x000000001a6a0000,0x000000001a7a0000] [id=13520]

VM state:not at safepoint (normal execution)

VM Mutex/Monitor currently owned by a thread: None

heap address: 0x0000000080000000, size: 2048 MB, Compressed Oops mode: 32-bit
Narrow klass base: 0x0000000000000000, Narrow klass shift: 3
Compressed class space size: 1073741824 Address: 0x0000000100000000

Heap:
 PSYoungGen      total 421888K, used 40563K [0x00000000d5580000, 0x00000000f7880000, 0x0000000100000000)
  eden space 389632K, 8% used [0x00000000d5580000,0x00000000d754c510,0x00000000ed200000)
  from space 32256K, 24% used [0x00000000f0380000,0x00000000f0b50950,0x00000000f2300000)
  to   space 50688K, 0% used [0x00000000ed200000,0x00000000ed200000,0x00000000f0380000)
 ParOldGen       total 214016K, used 139687K [0x0000000080000000, 0x000000008d100000, 0x00000000d5580000)
  object space 214016K, 65% used [0x0000000080000000,0x0000000088869c40,0x000000008d100000)
 Metaspace       used 84152K, capacity 88762K, committed 88984K, reserved 1126400K
  class space    used 11462K, capacity 12438K, committed 12464K, reserved 1048576K

Card table byte_map: [0x0000000011e20000,0x0000000012230000] byte_map_base: 0x0000000011a20000

Marking Bits: (ParMarkBitMap*) 0x0000000052dcf030
 Begin Bits: [0x0000000012ce0000, 0x0000000014ce0000)
 End Bits:   [0x0000000014ce0000, 0x0000000016ce0000)

Polling page: 0x0000000000a70000

CodeCache: size=245760Kb used=40391Kb max_used=40391Kb free=205368Kb
 bounds [0x0000000002a60000, 0x0000000005200000, 0x0000000011a60000]
 total_blobs=12619 nmethods=11678 adapters=851
 compilation: enabled

Compilation events (10 events):
Event: 20.341 Thread 0x00000000198ce800 13875       2       com.android.tools.r8.q.a.a.b.J::a (176 bytes)
Event: 20.342 Thread 0x00000000198ce800 nmethod 13875 0x00000000051f5090 code [0x00000000051f5200, 0x00000000051f5650]
Event: 20.346 Thread 0x00000000198ce800 13877       2       com.android.tools.r8.graph.K0::<init> (38 bytes)
Event: 20.347 Thread 0x00000000198ce800 nmethod 13877 0x00000000051f4bd0 code [0x00000000051f4d40, 0x00000000051f4f88]
Event: 20.347 Thread 0x00000000198ce800 13878       2       com.android.tools.r8.s.b.t0::b (27 bytes)
Event: 20.347 Thread 0x00000000198ce800 nmethod 13878 0x00000000051f4790 code [0x00000000051f4900, 0x00000000051f4af8]
Event: 20.349 Thread 0x00000000198ce800 13879       1       com.android.tools.r8.ir.conversion.E::d (5 bytes)
Event: 20.349 Thread 0x00000000198ce800 nmethod 13879 0x00000000051ab310 code [0x00000000051ab460, 0x00000000051ab570]
Event: 20.351 Thread 0x0000000017adc000 nmethod 13758% 0x00000000051fa1d0 code [0x00000000051fa340, 0x00000000051fa7d8]
Event: 20.352 Thread 0x0000000017adc000 13865 %     4       com.android.tools.r8.ir.optimize.a0::a @ 55 (425 bytes)

GC Heap History (10 events):
Event: 14.987 GC heap before
{Heap before GC invocations=18 (full 3):
 PSYoungGen      total 315392K, used 311345K [0x00000000d5580000, 0x00000000ea800000, 0x0000000100000000)
  eden space 298496K, 100% used [0x00000000d5580000,0x00000000e7900000,0x00000000e7900000)
  from space 16896K, 76% used [0x00000000e9780000,0x00000000ea40c7d8,0x00000000ea800000)
  to   space 24064K, 0% used [0x00000000e7900000,0x00000000e7900000,0x00000000e9080000)
 ParOldGen       total 103936K, used 45241K [0x0000000080000000, 0x0000000086580000, 0x00000000d5580000)
  object space 103936K, 43% used [0x0000000080000000,0x0000000082c2e5c8,0x0000000086580000)
 Metaspace       used 77441K, capacity 81518K, committed 81688K, reserved 1120256K
  class space    used 10495K, capacity 11236K, committed 11312K, reserved 1048576K
Event: 15.130 GC heap after
Heap after GC invocations=18 (full 3):
 PSYoungGen      total 322560K, used 24061K [0x00000000d5580000, 0x00000000f2f00000, 0x0000000100000000)
  eden space 298496K, 0% used [0x00000000d5580000,0x00000000d5580000,0x00000000e7900000)
  from space 24064K, 99% used [0x00000000e7900000,0x00000000e907f690,0x00000000e9080000)
  to   space 44544K, 0% used [0x00000000f0380000,0x00000000f0380000,0x00000000f2f00000)
 ParOldGen       total 103936K, used 89991K [0x0000000080000000, 0x0000000086580000, 0x00000000d5580000)
  object space 103936K, 86% used [0x0000000080000000,0x00000000857e1fb8,0x0000000086580000)
 Metaspace       used 77441K, capacity 81518K, committed 81688K, reserved 1120256K
  class space    used 10495K, capacity 11236K, committed 11312K, reserved 1048576K
}
Event: 15.131 GC heap before
{Heap before GC invocations=19 (full 4):
 PSYoungGen      total 322560K, used 24061K [0x00000000d5580000, 0x00000000f2f00000, 0x0000000100000000)
  eden space 298496K, 0% used [0x00000000d5580000,0x00000000d5580000,0x00000000e7900000)
  from space 24064K, 99% used [0x00000000e7900000,0x00000000e907f690,0x00000000e9080000)
  to   space 44544K, 0% used [0x00000000f0380000,0x00000000f0380000,0x00000000f2f00000)
 ParOldGen       total 103936K, used 89991K [0x0000000080000000, 0x0000000086580000, 0x00000000d5580000)
  object space 103936K, 86% used [0x0000000080000000,0x00000000857e1fb8,0x0000000086580000)
 Metaspace       used 77441K, capacity 81518K, committed 81688K, reserved 1120256K
  class space    used 10495K, capacity 11236K, committed 11312K, reserved 1048576K
Event: 15.894 GC heap after
Heap after GC invocations=19 (full 4):
 PSYoungGen      total 322560K, used 1488K [0x00000000d5580000, 0x00000000f2f00000, 0x0000000100000000)
  eden space 298496K, 0% used [0x00000000d5580000,0x00000000d5580000,0x00000000e7900000)
  from space 24064K, 6% used [0x00000000e7900000,0x00000000e7a742d8,0x00000000e9080000)
  to   space 44544K, 0% used [0x00000000f0380000,0x00000000f0380000,0x00000000f2f00000)
 ParOldGen       total 214016K, used 103500K [0x0000000080000000, 0x000000008d100000, 0x00000000d5580000)
  object space 214016K, 48% used [0x0000000080000000,0x00000000865131a8,0x000000008d100000)
 Metaspace       used 77063K, capacity 80436K, committed 81688K, reserved 1120256K
  class space    used 10372K, capacity 11019K, committed 11312K, reserved 1048576K
}
Event: 17.568 GC heap before
{Heap before GC invocations=20 (full 4):
 PSYoungGen      total 322560K, used 299984K [0x00000000d5580000, 0x00000000f2f00000, 0x0000000100000000)
  eden space 298496K, 100% used [0x00000000d5580000,0x00000000e7900000,0x00000000e7900000)
  from space 24064K, 6% used [0x00000000e7900000,0x00000000e7a742d8,0x00000000e9080000)
  to   space 44544K, 0% used [0x00000000f0380000,0x00000000f0380000,0x00000000f2f00000)
 ParOldGen       total 214016K, used 103716K [0x0000000080000000, 0x000000008d100000, 0x00000000d5580000)
  object space 214016K, 48% used [0x0000000080000000,0x0000000086549220,0x000000008d100000)
 Metaspace       used 83310K, capacity 87868K, committed 87960K, reserved 1124352K
  class space    used 11454K, capacity 12429K, committed 12464K, reserved 1048576K
Event: 17.638 GC heap after
Heap after GC invocations=20 (full 4):
 PSYoungGen      total 409600K, used 32007K [0x00000000d5580000, 0x00000000f2300000, 0x0000000100000000)
  eden space 377344K, 0% used [0x00000000d5580000,0x00000000d5580000,0x00000000ec600000)
  from space 32256K, 99% used [0x00000000f0380000,0x00000000f22c1fc8,0x00000000f2300000)
  to   space 47616K, 0% used [0x00000000ec600000,0x00000000ec600000,0x00000000ef480000)
 ParOldGen       total 214016K, used 105309K [0x0000000080000000, 0x000000008d100000, 0x00000000d5580000)
  object space 214016K, 49% used [0x0000000080000000,0x00000000866d75a0,0x000000008d100000)
 Metaspace       used 83310K, capacity 87868K, committed 87960K, reserved 1124352K
  class space    used 11454K, capacity 12429K, committed 12464K, reserved 1048576K
}
Event: 18.837 GC heap before
{Heap before GC invocations=21 (full 4):
 PSYoungGen      total 409600K, used 409351K [0x00000000d5580000, 0x00000000f2300000, 0x0000000100000000)
  eden space 377344K, 100% used [0x00000000d5580000,0x00000000ec600000,0x00000000ec600000)
  from space 32256K, 99% used [0x00000000f0380000,0x00000000f22c1fc8,0x00000000f2300000)
  to   space 47616K, 0% used [0x00000000ec600000,0x00000000ec600000,0x00000000ef480000)
 ParOldGen       total 214016K, used 105311K [0x0000000080000000, 0x000000008d100000, 0x00000000d5580000)
  object space 214016K, 49% used [0x0000000080000000,0x00000000866d7f70,0x000000008d100000)
 Metaspace       used 83802K, capacity 88356K, committed 88472K, reserved 1126400K
  class space    used 11457K, capacity 12429K, committed 12464K, reserved 1048576K
Event: 19.038 GC heap after
Heap after GC invocations=21 (full 4):
 PSYoungGen      total 424960K, used 37199K [0x00000000d5580000, 0x00000000f2300000, 0x0000000100000000)
  eden space 377344K, 0% used [0x00000000d5580000,0x00000000d5580000,0x00000000ec600000)
  from space 47616K, 78% used [0x00000000ec600000,0x00000000eea53c88,0x00000000ef480000)
  to   space 32256K, 0% used [0x00000000f0380000,0x00000000f0380000,0x00000000f2300000)
 ParOldGen       total 214016K, used 105311K [0x0000000080000000, 0x000000008d100000, 0x00000000d5580000)
  object space 214016K, 49% used [0x0000000080000000,0x00000000866d7f70,0x000000008d100000)
 Metaspace       used 83802K, capacity 88356K, committed 88472K, reserved 1126400K
  class space    used 11457K, capacity 12429K, committed 12464K, reserved 1048576K
}
Event: 20.289 GC heap before
{Heap before GC invocations=22 (full 4):
 PSYoungGen      total 424960K, used 414543K [0x00000000d5580000, 0x00000000f2300000, 0x0000000100000000)
  eden space 377344K, 100% used [0x00000000d5580000,0x00000000ec600000,0x00000000ec600000)
  from space 47616K, 78% used [0x00000000ec600000,0x00000000eea53c88,0x00000000ef480000)
  to   space 32256K, 0% used [0x00000000f0380000,0x00000000f0380000,0x00000000f2300000)
 ParOldGen       total 214016K, used 105311K [0x0000000080000000, 0x000000008d100000, 0x00000000d5580000)
  object space 214016K, 49% used [0x0000000080000000,0x00000000866d7f70,0x000000008d100000)
 Metaspace       used 84149K, capacity 88758K, committed 88984K, reserved 1126400K
  class space    used 11462K, capacity 12438K, committed 12464K, reserved 1048576K
Event: 20.335 GC heap after
Heap after GC invocations=22 (full 4):
 PSYoungGen      total 421888K, used 8002K [0x00000000d5580000, 0x00000000f7880000, 0x0000000100000000)
  eden space 389632K, 0% used [0x00000000d5580000,0x00000000d5580000,0x00000000ed200000)
  from space 32256K, 24% used [0x00000000f0380000,0x00000000f0b50950,0x00000000f2300000)
  to   space 50688K, 0% used [0x00000000ed200000,0x00000000ed200000,0x00000000f0380000)
 ParOldGen       total 214016K, used 139687K [0x0000000080000000, 0x000000008d100000, 0x00000000d5580000)
  object space 214016K, 65% used [0x0000000080000000,0x0000000088869c40,0x000000008d100000)
 Metaspace       used 84149K, capacity 88758K, committed 88984K, reserved 1126400K
  class space    used 11462K, capacity 12438K, committed 12464K, reserved 1048576K
}

Deoptimization events (10 events):
Event: 17.832 Thread 0x000000001c7ff000 Uncommon trap: reason=unstable_if action=reinterpret pc=0x00000000048488a8 method=com.android.tools.r8.ir.regalloc.a.a(Lcom/android/tools/r8/s/b/k0;Lcom/android/tools/r8/ir/regalloc/a$b;)Z @ 75
Event: 17.836 Thread 0x000000001c7ff000 Uncommon trap: reason=bimorphic action=maybe_recompile pc=0x0000000004c4fee8 method=com.android.tools.r8.s.b.t1.a(Lcom/android/tools/r8/s/a/p/u;)Lcom/android/tools/r8/s/b/t1; @ 29
Event: 17.844 Thread 0x000000001c803000 Uncommon trap: reason=bimorphic action=maybe_recompile pc=0x0000000004c4fee8 method=com.android.tools.r8.s.b.t1.a(Lcom/android/tools/r8/s/a/p/u;)Lcom/android/tools/r8/s/b/t1; @ 29
Event: 17.844 Thread 0x000000001c803000 Uncommon trap: reason=bimorphic action=maybe_recompile pc=0x0000000004c4fee8 method=com.android.tools.r8.s.b.t1.a(Lcom/android/tools/r8/s/a/p/u;)Lcom/android/tools/r8/s/b/t1; @ 29
Event: 17.953 Thread 0x000000001c806800 Uncommon trap: reason=bimorphic action=maybe_recompile pc=0x0000000004c4fee8 method=com.android.tools.r8.s.b.t1.a(Lcom/android/tools/r8/s/a/p/u;)Lcom/android/tools/r8/s/b/t1; @ 29
Event: 18.159 Thread 0x000000001c803000 Uncommon trap: reason=bimorphic action=maybe_recompile pc=0x0000000004d67a14 method=com.android.tools.r8.s.b.t1.a(Lcom/android/tools/r8/s/a/p/u;)Lcom/android/tools/r8/s/b/t1; @ 29
Event: 18.335 Thread 0x000000001c801800 Uncommon trap: reason=unstable_if action=reinterpret pc=0x0000000004e219d4 method=com.android.tools.r8.t.a.a.a.f.m0.a(I)Z @ 6
Event: 18.369 Thread 0x000000001c7ff000 Uncommon trap: reason=unstable_if action=reinterpret pc=0x00000000034392d0 method=java.util.HashMap.getNode(ILjava/lang/Object;)Ljava/util/HashMap$Node; @ 84
Event: 18.442 Thread 0x000000001c803000 Uncommon trap: reason=unstable_if action=reinterpret pc=0x0000000004e6f3a4 method=com.android.tools.r8.ir.conversion.o.d(I)Lcom/android/tools/r8/s/b/W0; @ 59
Event: 20.257 Thread 0x000000001c800000 Uncommon trap: reason=class_check action=maybe_recompile pc=0x00000000051b50d8 method=com.android.tools.r8.s.a.h.e.b(Lcom/android/tools/r8/s/b/k0;)V @ 379

Classes redefined (0 events):
No events

Internal exceptions (10 events):
Event: 14.268 Thread 0x000000001c806800 Exception <a 'sun/nio/fs/WindowsException'> (0x00000000df1abbe8) thrown at [C:\src\AOSP-openjdk-git\hotspot\src\share\vm\prims\jni.cpp, line 710]
Event: 14.564 Thread 0x000000001c803000 Exception <a 'sun/nio/fs/WindowsException'> (0x00000000e03af448) thrown at [C:\src\AOSP-openjdk-git\hotspot\src\share\vm\prims\jni.cpp, line 710]
Event: 14.820 Thread 0x000000001c800000 Exception <a 'java/lang/IncompatibleClassChangeError': Found class java.lang.Object, but interface was expected> (0x00000000e29060e8) thrown at [C:\src\AOSP-openjdk-git\hotspot\src\share\vm\interpreter\linkResolver.cpp, line 653]
Event: 14.820 Thread 0x000000001c801800 Exception <a 'java/lang/IncompatibleClassChangeError': Found class java.lang.Object, but interface was expected> (0x00000000e4430d50) thrown at [C:\src\AOSP-openjdk-git\hotspot\src\share\vm\interpreter\linkResolver.cpp, line 653]
Event: 16.292 Thread 0x000000001c803000 Exception <a 'java/lang/NoSuchMethodError': java.lang.Object.b(Lcom/android/tools/r8/graph/p1$b;)Lcom/android/tools/r8/graph/p1$b;> (0x00000000db3cf7f0) thrown at [C:\src\AOSP-openjdk-git\hotspot\src\share\vm\interpreter\linkResolver.cpp, line 620]
Event: 16.340 Thread 0x000000001c806800 Exception <a 'java/lang/NoSuchMethodError': java.lang.Object.lambda$maxBy$1(Ljava/util/Comparator;Ljava/lang/Object;Ljava/lang/Object;)Ljava/lang/Object;> (0x00000000db579928) thrown at [C:\src\AOSP-openjdk-git\hotspot\src\share\vm\interpreter\linkResolve
Event: 16.340 Thread 0x000000001c803000 Exception <a 'java/lang/NoSuchMethodError': java.lang.Object.lambda$maxBy$1(Ljava/util/Comparator;Ljava/lang/Object;Ljava/lang/Object;)Ljava/lang/Object;> (0x00000000db6df078) thrown at [C:\src\AOSP-openjdk-git\hotspot\src\share\vm\interpreter\linkResolve
Event: 16.340 Thread 0x000000001c806000 Exception <a 'java/lang/NoSuchMethodError': java.lang.Object.lambda$maxBy$1(Ljava/util/Comparator;Ljava/lang/Object;Ljava/lang/Object;)Ljava/lang/Object;> (0x00000000db698b20) thrown at [C:\src\AOSP-openjdk-git\hotspot\src\share\vm\interpreter\linkResolve
Event: 16.340 Thread 0x000000001c800000 Exception <a 'java/lang/NoSuchMethodError': java.lang.Object.lambda$maxBy$1(Ljava/util/Comparator;Ljava/lang/Object;Ljava/lang/Object;)Ljava/lang/Object;> (0x00000000db766228) thrown at [C:\src\AOSP-openjdk-git\hotspot\src\share\vm\interpreter\linkResolve
Event: 16.340 Thread 0x000000001c7ff000 Exception <a 'java/lang/NoSuchMethodError': java.lang.Object.lambda$maxBy$1(Ljava/util/Comparator;Ljava/lang/Object;Ljava/lang/Object;)Ljava/lang/Object;> (0x00000000db324ca0) thrown at [C:\src\AOSP-openjdk-git\hotspot\src\share\vm\interpreter\linkResolve

Events (10 events):
Event: 20.206 loading class com/android/tools/r8/s/b/q1 done
Event: 20.257 Thread 0x000000001c800000 Uncommon trap: trap_request=0xffffffde fr.pc=0x00000000051b50d8
Event: 20.257 Thread 0x000000001c800000 DEOPT PACKING pc=0x00000000051b50d8 sp=0x0000000023d6a2f0
Event: 20.257 Thread 0x000000001c800000 DEOPT UNPACKING pc=0x0000000002aa557b sp=0x0000000023d6a2c8 mode 2
Event: 20.287 Executing VM operation: ParallelGCFailedAllocation
Event: 20.335 Executing VM operation: ParallelGCFailedAllocation done
Event: 20.342 Thread 0x000000001c806000 DEOPT PACKING pc=0x00000000049405b0 sp=0x000000002366a210
Event: 20.342 Thread 0x000000001c806000 DEOPT UNPACKING pc=0x0000000002aa75d0 sp=0x000000002366a058 mode 0
Event: 20.351 Thread 0x000000001c801800 DEOPT PACKING pc=0x00000000049405b0 sp=0x0000000023969f40
Event: 20.351 Thread 0x000000001c801800 DEOPT UNPACKING pc=0x0000000002aa75d0 sp=0x0000000023969d88 mode 0


Dynamic libraries:
0x00007ff642630000 - 0x00007ff642661000 	C:\Program Files\Android\Android Studio\jre\bin\java.exe
0x00007ffa78190000 - 0x00007ffa78385000 	C:\WINDOWS\SYSTEM32\ntdll.dll
0x00007ffa5fb00000 - 0x00007ffa5fb13000 	C:\Program Files\Avast Software\Avast\aswhook.dll
0x00007ffa77930000 - 0x00007ffa779ed000 	C:\WINDOWS\System32\KERNEL32.DLL
0x00007ffa75df0000 - 0x00007ffa760b9000 	C:\WINDOWS\System32\KERNELBASE.dll
0x00007ffa77560000 - 0x00007ffa7760c000 	C:\WINDOWS\System32\ADVAPI32.dll
0x00007ffa780a0000 - 0x00007ffa7813e000 	C:\WINDOWS\System32\msvcrt.dll
0x00007ffa76380000 - 0x00007ffa7641c000 	C:\WINDOWS\System32\sechost.dll
0x00007ffa76420000 - 0x00007ffa7654b000 	C:\WINDOWS\System32\RPCRT4.dll
0x00007ffa77790000 - 0x00007ffa77930000 	C:\WINDOWS\System32\USER32.dll
0x00007ffa75ab0000 - 0x00007ffa75ad2000 	C:\WINDOWS\System32\win32u.dll
0x00007ffa765f0000 - 0x00007ffa7661a000 	C:\WINDOWS\System32\GDI32.dll
0x00007ffa75c80000 - 0x00007ffa75d8b000 	C:\WINDOWS\System32\gdi32full.dll
0x00007ffa75ae0000 - 0x00007ffa75b7d000 	C:\WINDOWS\System32\msvcp_win.dll
0x00007ffa760c0000 - 0x00007ffa761c0000 	C:\WINDOWS\System32\ucrtbase.dll
0x00007ffa614c0000 - 0x00007ffa6175a000 	C:\WINDOWS\WinSxS\amd64_microsoft.windows.common-controls_6595b64144ccf1df_6.0.19041.844_none_ca00b6081b84eb1d\COMCTL32.dll
0x00007ffa76550000 - 0x00007ffa76580000 	C:\WINDOWS\System32\IMM32.DLL
0x0000000052440000 - 0x0000000052512000 	C:\Program Files\Android\Android Studio\jre\jre\bin\msvcr100.dll
0x0000000052600000 - 0x0000000052e4b000 	C:\Program Files\Android\Android Studio\jre\jre\bin\server\jvm.dll
0x00007ffa77fb0000 - 0x00007ffa77fb8000 	C:\WINDOWS\System32\PSAPI.DLL
0x00007ffa62ae0000 - 0x00007ffa62ae9000 	C:\WINDOWS\SYSTEM32\WSOCK32.dll
0x00007ffa64010000 - 0x00007ffa64037000 	C:\WINDOWS\SYSTEM32\WINMM.dll
0x00007ffa6ee00000 - 0x00007ffa6ee0a000 	C:\WINDOWS\SYSTEM32\VERSION.dll
0x00007ffa76580000 - 0x00007ffa765eb000 	C:\WINDOWS\System32\WS2_32.dll
0x00007ffa70420000 - 0x00007ffa7042f000 	C:\Program Files\Android\Android Studio\jre\jre\bin\verify.dll
0x00007ffa66320000 - 0x00007ffa66349000 	C:\Program Files\Android\Android Studio\jre\jre\bin\java.dll
0x00007ffa674e0000 - 0x00007ffa674f6000 	C:\Program Files\Android\Android Studio\jre\jre\bin\zip.dll
0x00007ffa76860000 - 0x00007ffa76fa2000 	C:\WINDOWS\System32\SHELL32.dll
0x00007ffa73a30000 - 0x00007ffa741c0000 	C:\WINDOWS\SYSTEM32\windows.storage.dll
0x00007ffa77a50000 - 0x00007ffa77da5000 	C:\WINDOWS\System32\combase.dll
0x00007ffa75270000 - 0x00007ffa7529c000 	C:\WINDOWS\SYSTEM32\Wldp.dll
0x00007ffa776e0000 - 0x00007ffa7778e000 	C:\WINDOWS\System32\SHCORE.dll
0x00007ffa774f0000 - 0x00007ffa77545000 	C:\WINDOWS\System32\shlwapi.dll
0x00007ffa75810000 - 0x00007ffa7582f000 	C:\WINDOWS\SYSTEM32\profapi.dll
0x00007ffa66300000 - 0x00007ffa6631a000 	C:\Program Files\Android\Android Studio\jre\jre\bin\net.dll
0x00007ffa74ff0000 - 0x00007ffa7505a000 	C:\WINDOWS\system32\mswsock.dll
0x00007ffa662a0000 - 0x00007ffa662b3000 	C:\Program Files\Android\Android Studio\jre\jre\bin\nio.dll
0x00007ffa5d140000 - 0x00007ffa5d167000 	C:\Users\55219\.gradle\native\f6784746aeab05261644944871eae4fe03e0ef1612fff0a4a95f87b438bc6780\windows-amd64\native-platform.dll
0x00007ffa70410000 - 0x00007ffa7041d000 	C:\Program Files\Android\Android Studio\jre\jre\bin\management.dll
0x00007ffa751c0000 - 0x00007ffa751d8000 	C:\WINDOWS\SYSTEM32\CRYPTSP.dll
0x00007ffa74990000 - 0x00007ffa749c4000 	C:\WINDOWS\system32\rsaenh.dll
0x00007ffa761c0000 - 0x00007ffa761e7000 	C:\WINDOWS\System32\bcrypt.dll
0x00007ffa75790000 - 0x00007ffa757be000 	C:\WINDOWS\SYSTEM32\USERENV.dll
0x00007ffa758d0000 - 0x00007ffa75950000 	C:\WINDOWS\System32\bcryptprimitives.dll
0x00007ffa751e0000 - 0x00007ffa751ec000 	C:\WINDOWS\SYSTEM32\CRYPTBASE.dll
0x00007ffa74ce0000 - 0x00007ffa74d1b000 	C:\WINDOWS\SYSTEM32\IPHLPAPI.DLL
0x00007ffa78140000 - 0x00007ffa78148000 	C:\WINDOWS\System32\NSI.dll
0x00007ffa6abf0000 - 0x00007ffa6ac07000 	C:\WINDOWS\SYSTEM32\dhcpcsvc6.DLL
0x00007ffa6c370000 - 0x00007ffa6c38d000 	C:\WINDOWS\SYSTEM32\dhcpcsvc.DLL
0x00007ffa74d20000 - 0x00007ffa74deb000 	C:\WINDOWS\SYSTEM32\DNSAPI.dll
0x00007ffa6e490000 - 0x00007ffa6e49b000 	C:\WINDOWS\SYSTEM32\WINNSI.DLL
0x00007ffa45340000 - 0x00007ffa454dc000 	C:\Program Files\Android\Android Studio\jre\jre\bin\awt.dll
0x00007ffa77610000 - 0x00007ffa776dd000 	C:\WINDOWS\System32\OLEAUT32.dll
0x00007ffa71970000 - 0x00007ffa71f30000 	C:\WINDOWS\SYSTEM32\d2d1.dll
0x00007ffa73720000 - 0x00007ffa7374f000 	C:\WINDOWS\SYSTEM32\dwmapi.dll
0x00007ffa73270000 - 0x00007ffa73300000 	C:\WINDOWS\SYSTEM32\apphelp.dll
0x00007ffa73370000 - 0x00007ffa7340e000 	C:\WINDOWS\system32\uxtheme.dll

VM Arguments:
jvm_args: -Xmx2048m -Dfile.encoding=UTF-8 -Duser.country=BR -Duser.language=pt -Duser.variant 
java_command: org.gradle.launcher.daemon.bootstrap.GradleDaemon 6.5
java_class_path (initial): C:\Users\55219\.gradle\wrapper\dists\gradle-6.5-bin\6nifqtx7604sqp1q6g8wikw7p\gradle-6.5\lib\gradle-launcher-6.5.jar
Launcher Type: SUN_STANDARD

Environment Variables:
JAVA_HOME=C:\Program Files\Java\jdk1.8.0_281
PATH=C:\Program Files\AdoptOpenJDK\jdk-11.0.10.9-hotspot\bin;C:\Program Files (x86)\Common Files\Oracle\Java\javapath;C:\WINDOWS\system32;C:\WINDOWS;C:\WINDOWS\System32\Wbem;C:\WINDOWS\System32\WindowsPowerShell\v1.0\;C:\WINDOWS\System32\OpenSSH\;C:\Program Files\Java\jdk1.8.0_261\bin;C:\Program Files\dotnet\;C:\Program Files\Git\cmd;C:\Users\55219\AppData\Roaming\nvm;C:\Program Files\nodejs;C:\Program Files\Java\jdk1.8.0_281\bin;C:\Program Files\MySQL\MySQL Shell 8.0\bin\;C:\Users\55219\AppData\Local\Microsoft\WindowsApps;C:\Users\55219\AppData\Local\Programs\Microsoft VS Code\bin;C:\Users\55219\AppData\Local\GitHubDesktop\bin;C:\Users\55219\.dotnet\tools;C:\Users\55219\AppData\Roaming\nvm;C:\Program Files\nodejs
USERNAME=55219
OS=Windows_NT
PROCESSOR_IDENTIFIER=Intel64 Family 6 Model 142 Stepping 12, GenuineIntel



---------------  S Y S T E M  ---------------

OS: Windows 10.0 , 64 bit Build 19041 (10.0.19041.804)

CPU:total 8 (initial active 8) (4 cores per cpu, 2 threads per core) family 6 model 142 stepping 12, cmov, cx8, fxsr, mmx, sse, sse2, sse3, ssse3, sse4.1, sse4.2, popcnt, avx, avx2, aes, clmul, erms, 3dnowpref, lzcnt, ht, tsc, tscinvbit, bmi1, bmi2, adx

Memory: 4k page, physical 8265972k(428404k free), swap 15478408k(3140k free)

vm_info: OpenJDK 64-Bit Server VM (25.242-b01) for windows-amd64 JRE (1.8.0_242-release-1644-b01), built by "builder" with MS VC++ 10.0 (VS2010)

time: Wed Apr 14 18:56:51 2021
timezone: Hora oficial do Brasil
elapsed time: 20 seconds (0d 0h 0m 20s)

